{"/Users/geraldcraig/Repos/FamilyChatApp/App.js": {"path":"/Users/geraldcraig/Repos/FamilyChatApp/App.js","statementMap":{"0":{"start":{"line":7,"column":4},"end":{"line":11,"column":5}},"1":{"start":{"line":14,"column":15},"end":{"line":21,"column":2}}},"fnMap":{"0":{"name":"App","decl":{"start":{"line":6,"column":24},"end":{"line":6,"column":27}},"loc":{"start":{"line":6,"column":30},"end":{"line":12,"column":1}},"line":6}},"branchMap":{},"s":{"0":0,"1":0},"f":{"0":0},"b":{}}
,"/Users/geraldcraig/Repos/FamilyChatApp/App2.js": {"path":"/Users/geraldcraig/Repos/FamilyChatApp/App2.js","statementMap":{"0":{"start":{"line":24,"column":14},"end":{"line":24,"column":42}},"1":{"start":{"line":25,"column":12},"end":{"line":25,"column":38}},"2":{"start":{"line":32,"column":2},"end":{"line":89,"column":4}},"3":{"start":{"line":39,"column":12},"end":{"line":39,"column":70}},"4":{"start":{"line":48,"column":12},"end":{"line":48,"column":72}},"5":{"start":{"line":57,"column":12},"end":{"line":57,"column":70}},"6":{"start":{"line":66,"column":12},"end":{"line":66,"column":80}},"7":{"start":{"line":69,"column":12},"end":{"line":75,"column":14}},"8":{"start":{"line":70,"column":29},"end":{"line":70,"column":60}},"9":{"start":{"line":84,"column":12},"end":{"line":84,"column":72}},"10":{"start":{"line":95,"column":2},"end":{"line":135,"column":4}},"11":{"start":{"line":138,"column":15},"end":{"line":145,"column":2}}},"fnMap":{"0":{"name":"TabNavigation","decl":{"start":{"line":31,"column":9},"end":{"line":31,"column":22}},"loc":{"start":{"line":31,"column":39},"end":{"line":90,"column":1}},"line":31},"1":{"name":"(anonymous_1)","decl":{"start":{"line":38,"column":22},"end":{"line":38,"column":23}},"loc":{"start":{"line":39,"column":12},"end":{"line":39,"column":70}},"line":39},"2":{"name":"(anonymous_2)","decl":{"start":{"line":47,"column":22},"end":{"line":47,"column":23}},"loc":{"start":{"line":48,"column":12},"end":{"line":48,"column":72}},"line":48},"3":{"name":"(anonymous_3)","decl":{"start":{"line":56,"column":22},"end":{"line":56,"column":23}},"loc":{"start":{"line":57,"column":12},"end":{"line":57,"column":70}},"line":57},"4":{"name":"(anonymous_4)","decl":{"start":{"line":65,"column":22},"end":{"line":65,"column":23}},"loc":{"start":{"line":66,"column":12},"end":{"line":66,"column":80}},"line":66},"5":{"name":"(anonymous_5)","decl":{"start":{"line":68,"column":23},"end":{"line":68,"column":24}},"loc":{"start":{"line":69,"column":12},"end":{"line":75,"column":14}},"line":69},"6":{"name":"(anonymous_6)","decl":{"start":{"line":70,"column":23},"end":{"line":70,"column":24}},"loc":{"start":{"line":70,"column":29},"end":{"line":70,"column":60}},"line":70},"7":{"name":"(anonymous_7)","decl":{"start":{"line":83,"column":22},"end":{"line":83,"column":23}},"loc":{"start":{"line":84,"column":12},"end":{"line":84,"column":72}},"line":84},"8":{"name":"App","decl":{"start":{"line":92,"column":24},"end":{"line":92,"column":27}},"loc":{"start":{"line":92,"column":30},"end":{"line":136,"column":1}},"line":92}},"branchMap":{},"s":{"0":0,"1":0,"2":0,"3":0,"4":0,"5":0,"6":0,"7":0,"8":0,"9":0,"10":0,"11":0},"f":{"0":0,"1":0,"2":0,"3":0,"4":0,"5":0,"6":0,"7":0,"8":0},"b":{}}
,"/Users/geraldcraig/Repos/FamilyChatApp/firebaseConfig.js": {"path":"/Users/geraldcraig/Repos/FamilyChatApp/firebaseConfig.js","statementMap":{"0":{"start":{"line":16,"column":23},"end":{"line":24,"column":1}},"1":{"start":{"line":26,"column":12},"end":{"line":26,"column":41}},"2":{"start":{"line":28,"column":0},"end":{"line":30,"column":3}},"3":{"start":{"line":32,"column":20},"end":{"line":32,"column":29}},"4":{"start":{"line":34,"column":18},"end":{"line":34,"column":32}}},"fnMap":{},"branchMap":{},"s":{"0":0,"1":0,"2":0,"3":0,"4":0},"f":{},"b":{}}
,"/Users/geraldcraig/Repos/FamilyChatApp/metro.config.js": {"path":"/Users/geraldcraig/Repos/FamilyChatApp/metro.config.js","statementMap":{"0":{"start":{"line":1,"column":29},"end":{"line":1,"column":58}},"1":{"start":{"line":3,"column":22},"end":{"line":3,"column":49}},"2":{"start":{"line":5,"column":0},"end":{"line":5,"column":45}},"3":{"start":{"line":7,"column":0},"end":{"line":7,"column":31}}},"fnMap":{},"branchMap":{},"s":{"0":0,"1":0,"2":0,"3":0},"f":{},"b":{}}
,"/Users/geraldcraig/Repos/FamilyChatApp/.expo/metro/polyfill.js": {"path":"/Users/geraldcraig/Repos/FamilyChatApp/.expo/metro/polyfill.js","statementMap":{"0":{"start":{"line":1,"column":0},"end":{"line":1,"column":81}},"1":{"start":{"line":1,"column":76},"end":{"line":1,"column":80}}},"fnMap":{"0":{"name":"(anonymous_0)","decl":{"start":{"line":1,"column":70},"end":{"line":1,"column":71}},"loc":{"start":{"line":1,"column":76},"end":{"line":1,"column":80}},"line":1}},"branchMap":{"0":{"loc":{"start":{"line":1,"column":28},"end":{"line":1,"column":80}},"type":"cond-expr","locations":[{"start":{"line":1,"column":60},"end":{"line":1,"column":67}},{"start":{"line":1,"column":70},"end":{"line":1,"column":80}}],"line":1}},"s":{"0":0,"1":0},"f":{"0":0},"b":{"0":[0,0]}}
,"/Users/geraldcraig/Repos/FamilyChatApp/.expo/metro/polyfill.native.js": {"path":"/Users/geraldcraig/Repos/FamilyChatApp/.expo/metro/polyfill.native.js","statementMap":{"0":{"start":{"line":1,"column":0},"end":{"line":1,"column":155}},"1":{"start":{"line":1,"column":43},"end":{"line":1,"column":154}}},"fnMap":{"0":{"name":"(anonymous_0)","decl":{"start":{"line":1,"column":28},"end":{"line":1,"column":29}},"loc":{"start":{"line":1,"column":42},"end":{"line":1,"column":155}},"line":1}},"branchMap":{},"s":{"0":0,"1":0},"f":{"0":0},"b":{}}
,"/Users/geraldcraig/Repos/FamilyChatApp/.expo/metro/externals/assert/index.js": {"path":"/Users/geraldcraig/Repos/FamilyChatApp/.expo/metro/externals/assert/index.js","statementMap":{"0":{"start":{"line":1,"column":0},"end":{"line":1,"column":51}}},"fnMap":{},"branchMap":{},"s":{"0":0},"f":{},"b":{}}
,"/Users/geraldcraig/Repos/FamilyChatApp/.expo/metro/externals/async_hooks/index.js": {"path":"/Users/geraldcraig/Repos/FamilyChatApp/.expo/metro/externals/async_hooks/index.js","statementMap":{"0":{"start":{"line":1,"column":0},"end":{"line":1,"column":56}}},"fnMap":{},"branchMap":{},"s":{"0":0},"f":{},"b":{}}
,"/Users/geraldcraig/Repos/FamilyChatApp/.expo/metro/externals/buffer/index.js": {"path":"/Users/geraldcraig/Repos/FamilyChatApp/.expo/metro/externals/buffer/index.js","statementMap":{"0":{"start":{"line":1,"column":0},"end":{"line":1,"column":51}}},"fnMap":{},"branchMap":{},"s":{"0":0},"f":{},"b":{}}
,"/Users/geraldcraig/Repos/FamilyChatApp/.expo/metro/externals/child_process/index.js": {"path":"/Users/geraldcraig/Repos/FamilyChatApp/.expo/metro/externals/child_process/index.js","statementMap":{"0":{"start":{"line":1,"column":0},"end":{"line":1,"column":58}}},"fnMap":{},"branchMap":{},"s":{"0":0},"f":{},"b":{}}
,"/Users/geraldcraig/Repos/FamilyChatApp/.expo/metro/externals/cluster/index.js": {"path":"/Users/geraldcraig/Repos/FamilyChatApp/.expo/metro/externals/cluster/index.js","statementMap":{"0":{"start":{"line":1,"column":0},"end":{"line":1,"column":52}}},"fnMap":{},"branchMap":{},"s":{"0":0},"f":{},"b":{}}
,"/Users/geraldcraig/Repos/FamilyChatApp/.expo/metro/externals/console/index.js": {"path":"/Users/geraldcraig/Repos/FamilyChatApp/.expo/metro/externals/console/index.js","statementMap":{"0":{"start":{"line":1,"column":0},"end":{"line":1,"column":52}}},"fnMap":{},"branchMap":{},"s":{"0":0},"f":{},"b":{}}
,"/Users/geraldcraig/Repos/FamilyChatApp/.expo/metro/externals/constants/index.js": {"path":"/Users/geraldcraig/Repos/FamilyChatApp/.expo/metro/externals/constants/index.js","statementMap":{"0":{"start":{"line":1,"column":0},"end":{"line":1,"column":54}}},"fnMap":{},"branchMap":{},"s":{"0":0},"f":{},"b":{}}
,"/Users/geraldcraig/Repos/FamilyChatApp/.expo/metro/externals/crypto/index.js": {"path":"/Users/geraldcraig/Repos/FamilyChatApp/.expo/metro/externals/crypto/index.js","statementMap":{"0":{"start":{"line":1,"column":0},"end":{"line":1,"column":51}}},"fnMap":{},"branchMap":{},"s":{"0":0},"f":{},"b":{}}
,"/Users/geraldcraig/Repos/FamilyChatApp/.expo/metro/externals/dgram/index.js": {"path":"/Users/geraldcraig/Repos/FamilyChatApp/.expo/metro/externals/dgram/index.js","statementMap":{"0":{"start":{"line":1,"column":0},"end":{"line":1,"column":50}}},"fnMap":{},"branchMap":{},"s":{"0":0},"f":{},"b":{}}
,"/Users/geraldcraig/Repos/FamilyChatApp/.expo/metro/externals/diagnostics_channel/index.js": {"path":"/Users/geraldcraig/Repos/FamilyChatApp/.expo/metro/externals/diagnostics_channel/index.js","statementMap":{"0":{"start":{"line":1,"column":0},"end":{"line":1,"column":64}}},"fnMap":{},"branchMap":{},"s":{"0":0},"f":{},"b":{}}
,"/Users/geraldcraig/Repos/FamilyChatApp/.expo/metro/externals/dns/index.js": {"path":"/Users/geraldcraig/Repos/FamilyChatApp/.expo/metro/externals/dns/index.js","statementMap":{"0":{"start":{"line":1,"column":0},"end":{"line":1,"column":48}}},"fnMap":{},"branchMap":{},"s":{"0":0},"f":{},"b":{}}
,"/Users/geraldcraig/Repos/FamilyChatApp/.expo/metro/externals/domain/index.js": {"path":"/Users/geraldcraig/Repos/FamilyChatApp/.expo/metro/externals/domain/index.js","statementMap":{"0":{"start":{"line":1,"column":0},"end":{"line":1,"column":51}}},"fnMap":{},"branchMap":{},"s":{"0":0},"f":{},"b":{}}
,"/Users/geraldcraig/Repos/FamilyChatApp/.expo/metro/externals/events/index.js": {"path":"/Users/geraldcraig/Repos/FamilyChatApp/.expo/metro/externals/events/index.js","statementMap":{"0":{"start":{"line":1,"column":0},"end":{"line":1,"column":51}}},"fnMap":{},"branchMap":{},"s":{"0":0},"f":{},"b":{}}
,"/Users/geraldcraig/Repos/FamilyChatApp/.expo/metro/externals/fs/index.js": {"path":"/Users/geraldcraig/Repos/FamilyChatApp/.expo/metro/externals/fs/index.js","statementMap":{"0":{"start":{"line":1,"column":0},"end":{"line":1,"column":47}}},"fnMap":{},"branchMap":{},"s":{"0":0},"f":{},"b":{}}
,"/Users/geraldcraig/Repos/FamilyChatApp/.expo/metro/externals/fs/promises/index.js": {"path":"/Users/geraldcraig/Repos/FamilyChatApp/.expo/metro/externals/fs/promises/index.js","statementMap":{"0":{"start":{"line":1,"column":0},"end":{"line":1,"column":56}}},"fnMap":{},"branchMap":{},"s":{"0":0},"f":{},"b":{}}
,"/Users/geraldcraig/Repos/FamilyChatApp/.expo/metro/externals/http/index.js": {"path":"/Users/geraldcraig/Repos/FamilyChatApp/.expo/metro/externals/http/index.js","statementMap":{"0":{"start":{"line":1,"column":0},"end":{"line":1,"column":49}}},"fnMap":{},"branchMap":{},"s":{"0":0},"f":{},"b":{}}
,"/Users/geraldcraig/Repos/FamilyChatApp/.expo/metro/externals/http2/index.js": {"path":"/Users/geraldcraig/Repos/FamilyChatApp/.expo/metro/externals/http2/index.js","statementMap":{"0":{"start":{"line":1,"column":0},"end":{"line":1,"column":50}}},"fnMap":{},"branchMap":{},"s":{"0":0},"f":{},"b":{}}
,"/Users/geraldcraig/Repos/FamilyChatApp/.expo/metro/externals/https/index.js": {"path":"/Users/geraldcraig/Repos/FamilyChatApp/.expo/metro/externals/https/index.js","statementMap":{"0":{"start":{"line":1,"column":0},"end":{"line":1,"column":50}}},"fnMap":{},"branchMap":{},"s":{"0":0},"f":{},"b":{}}
,"/Users/geraldcraig/Repos/FamilyChatApp/.expo/metro/externals/inspector/index.js": {"path":"/Users/geraldcraig/Repos/FamilyChatApp/.expo/metro/externals/inspector/index.js","statementMap":{"0":{"start":{"line":1,"column":0},"end":{"line":1,"column":54}}},"fnMap":{},"branchMap":{},"s":{"0":0},"f":{},"b":{}}
,"/Users/geraldcraig/Repos/FamilyChatApp/.expo/metro/externals/module/index.js": {"path":"/Users/geraldcraig/Repos/FamilyChatApp/.expo/metro/externals/module/index.js","statementMap":{"0":{"start":{"line":1,"column":0},"end":{"line":1,"column":51}}},"fnMap":{},"branchMap":{},"s":{"0":0},"f":{},"b":{}}
,"/Users/geraldcraig/Repos/FamilyChatApp/.expo/metro/externals/net/index.js": {"path":"/Users/geraldcraig/Repos/FamilyChatApp/.expo/metro/externals/net/index.js","statementMap":{"0":{"start":{"line":1,"column":0},"end":{"line":1,"column":48}}},"fnMap":{},"branchMap":{},"s":{"0":0},"f":{},"b":{}}
,"/Users/geraldcraig/Repos/FamilyChatApp/.expo/metro/externals/os/index.js": {"path":"/Users/geraldcraig/Repos/FamilyChatApp/.expo/metro/externals/os/index.js","statementMap":{"0":{"start":{"line":1,"column":0},"end":{"line":1,"column":47}}},"fnMap":{},"branchMap":{},"s":{"0":0},"f":{},"b":{}}
,"/Users/geraldcraig/Repos/FamilyChatApp/.expo/metro/externals/path/index.js": {"path":"/Users/geraldcraig/Repos/FamilyChatApp/.expo/metro/externals/path/index.js","statementMap":{"0":{"start":{"line":1,"column":0},"end":{"line":1,"column":49}}},"fnMap":{},"branchMap":{},"s":{"0":0},"f":{},"b":{}}
,"/Users/geraldcraig/Repos/FamilyChatApp/.expo/metro/externals/perf_hooks/index.js": {"path":"/Users/geraldcraig/Repos/FamilyChatApp/.expo/metro/externals/perf_hooks/index.js","statementMap":{"0":{"start":{"line":1,"column":0},"end":{"line":1,"column":55}}},"fnMap":{},"branchMap":{},"s":{"0":0},"f":{},"b":{}}
,"/Users/geraldcraig/Repos/FamilyChatApp/.expo/metro/externals/process/index.js": {"path":"/Users/geraldcraig/Repos/FamilyChatApp/.expo/metro/externals/process/index.js","statementMap":{"0":{"start":{"line":1,"column":0},"end":{"line":1,"column":52}}},"fnMap":{},"branchMap":{},"s":{"0":0},"f":{},"b":{}}
,"/Users/geraldcraig/Repos/FamilyChatApp/.expo/metro/externals/punycode/index.js": {"path":"/Users/geraldcraig/Repos/FamilyChatApp/.expo/metro/externals/punycode/index.js","statementMap":{"0":{"start":{"line":1,"column":0},"end":{"line":1,"column":53}}},"fnMap":{},"branchMap":{},"s":{"0":0},"f":{},"b":{}}
,"/Users/geraldcraig/Repos/FamilyChatApp/.expo/metro/externals/querystring/index.js": {"path":"/Users/geraldcraig/Repos/FamilyChatApp/.expo/metro/externals/querystring/index.js","statementMap":{"0":{"start":{"line":1,"column":0},"end":{"line":1,"column":56}}},"fnMap":{},"branchMap":{},"s":{"0":0},"f":{},"b":{}}
,"/Users/geraldcraig/Repos/FamilyChatApp/.expo/metro/externals/readline/index.js": {"path":"/Users/geraldcraig/Repos/FamilyChatApp/.expo/metro/externals/readline/index.js","statementMap":{"0":{"start":{"line":1,"column":0},"end":{"line":1,"column":53}}},"fnMap":{},"branchMap":{},"s":{"0":0},"f":{},"b":{}}
,"/Users/geraldcraig/Repos/FamilyChatApp/.expo/metro/externals/repl/index.js": {"path":"/Users/geraldcraig/Repos/FamilyChatApp/.expo/metro/externals/repl/index.js","statementMap":{"0":{"start":{"line":1,"column":0},"end":{"line":1,"column":49}}},"fnMap":{},"branchMap":{},"s":{"0":0},"f":{},"b":{}}
,"/Users/geraldcraig/Repos/FamilyChatApp/.expo/metro/externals/stream/index.js": {"path":"/Users/geraldcraig/Repos/FamilyChatApp/.expo/metro/externals/stream/index.js","statementMap":{"0":{"start":{"line":1,"column":0},"end":{"line":1,"column":51}}},"fnMap":{},"branchMap":{},"s":{"0":0},"f":{},"b":{}}
,"/Users/geraldcraig/Repos/FamilyChatApp/.expo/metro/externals/string_decoder/index.js": {"path":"/Users/geraldcraig/Repos/FamilyChatApp/.expo/metro/externals/string_decoder/index.js","statementMap":{"0":{"start":{"line":1,"column":0},"end":{"line":1,"column":59}}},"fnMap":{},"branchMap":{},"s":{"0":0},"f":{},"b":{}}
,"/Users/geraldcraig/Repos/FamilyChatApp/.expo/metro/externals/timers/index.js": {"path":"/Users/geraldcraig/Repos/FamilyChatApp/.expo/metro/externals/timers/index.js","statementMap":{"0":{"start":{"line":1,"column":0},"end":{"line":1,"column":51}}},"fnMap":{},"branchMap":{},"s":{"0":0},"f":{},"b":{}}
,"/Users/geraldcraig/Repos/FamilyChatApp/.expo/metro/externals/tls/index.js": {"path":"/Users/geraldcraig/Repos/FamilyChatApp/.expo/metro/externals/tls/index.js","statementMap":{"0":{"start":{"line":1,"column":0},"end":{"line":1,"column":48}}},"fnMap":{},"branchMap":{},"s":{"0":0},"f":{},"b":{}}
,"/Users/geraldcraig/Repos/FamilyChatApp/.expo/metro/externals/trace_events/index.js": {"path":"/Users/geraldcraig/Repos/FamilyChatApp/.expo/metro/externals/trace_events/index.js","statementMap":{"0":{"start":{"line":1,"column":0},"end":{"line":1,"column":57}}},"fnMap":{},"branchMap":{},"s":{"0":0},"f":{},"b":{}}
,"/Users/geraldcraig/Repos/FamilyChatApp/.expo/metro/externals/tty/index.js": {"path":"/Users/geraldcraig/Repos/FamilyChatApp/.expo/metro/externals/tty/index.js","statementMap":{"0":{"start":{"line":1,"column":0},"end":{"line":1,"column":48}}},"fnMap":{},"branchMap":{},"s":{"0":0},"f":{},"b":{}}
,"/Users/geraldcraig/Repos/FamilyChatApp/.expo/metro/externals/url/index.js": {"path":"/Users/geraldcraig/Repos/FamilyChatApp/.expo/metro/externals/url/index.js","statementMap":{"0":{"start":{"line":1,"column":0},"end":{"line":1,"column":48}}},"fnMap":{},"branchMap":{},"s":{"0":0},"f":{},"b":{}}
,"/Users/geraldcraig/Repos/FamilyChatApp/.expo/metro/externals/util/index.js": {"path":"/Users/geraldcraig/Repos/FamilyChatApp/.expo/metro/externals/util/index.js","statementMap":{"0":{"start":{"line":1,"column":0},"end":{"line":1,"column":49}}},"fnMap":{},"branchMap":{},"s":{"0":0},"f":{},"b":{}}
,"/Users/geraldcraig/Repos/FamilyChatApp/.expo/metro/externals/v8/index.js": {"path":"/Users/geraldcraig/Repos/FamilyChatApp/.expo/metro/externals/v8/index.js","statementMap":{"0":{"start":{"line":1,"column":0},"end":{"line":1,"column":47}}},"fnMap":{},"branchMap":{},"s":{"0":0},"f":{},"b":{}}
,"/Users/geraldcraig/Repos/FamilyChatApp/.expo/metro/externals/vm/index.js": {"path":"/Users/geraldcraig/Repos/FamilyChatApp/.expo/metro/externals/vm/index.js","statementMap":{"0":{"start":{"line":1,"column":0},"end":{"line":1,"column":47}}},"fnMap":{},"branchMap":{},"s":{"0":0},"f":{},"b":{}}
,"/Users/geraldcraig/Repos/FamilyChatApp/.expo/metro/externals/wasi/index.js": {"path":"/Users/geraldcraig/Repos/FamilyChatApp/.expo/metro/externals/wasi/index.js","statementMap":{"0":{"start":{"line":1,"column":0},"end":{"line":1,"column":49}}},"fnMap":{},"branchMap":{},"s":{"0":0},"f":{},"b":{}}
,"/Users/geraldcraig/Repos/FamilyChatApp/.expo/metro/externals/worker_threads/index.js": {"path":"/Users/geraldcraig/Repos/FamilyChatApp/.expo/metro/externals/worker_threads/index.js","statementMap":{"0":{"start":{"line":1,"column":0},"end":{"line":1,"column":59}}},"fnMap":{},"branchMap":{},"s":{"0":0},"f":{},"b":{}}
,"/Users/geraldcraig/Repos/FamilyChatApp/.expo/metro/externals/zlib/index.js": {"path":"/Users/geraldcraig/Repos/FamilyChatApp/.expo/metro/externals/zlib/index.js","statementMap":{"0":{"start":{"line":1,"column":0},"end":{"line":1,"column":49}}},"fnMap":{},"branchMap":{},"s":{"0":0},"f":{},"b":{}}
,"/Users/geraldcraig/Repos/FamilyChatApp/.expo/metro/shims/react-native-web/dist/cjs/exports/AppRegistry/AppContainer.js": {"path":"/Users/geraldcraig/Repos/FamilyChatApp/.expo/metro/shims/react-native-web/dist/cjs/exports/AppRegistry/AppContainer.js","statementMap":{"0":{"start":{"line":5,"column":2},"end":{"line":5,"column":18}},"1":{"start":{"line":8,"column":0},"end":{"line":10,"column":1}},"2":{"start":{"line":9,"column":2},"end":{"line":9,"column":44}},"3":{"start":{"line":12,"column":0},"end":{"line":12,"column":30}},"4":{"start":{"line":13,"column":0},"end":{"line":13,"column":38}}},"fnMap":{"0":{"name":"AppContainer","decl":{"start":{"line":4,"column":9},"end":{"line":4,"column":21}},"loc":{"start":{"line":4,"column":36},"end":{"line":6,"column":1}},"line":4}},"branchMap":{"0":{"loc":{"start":{"line":8,"column":0},"end":{"line":10,"column":1}},"type":"if","locations":[{"start":{"line":8,"column":0},"end":{"line":10,"column":1}},{"start":{},"end":{}}],"line":8}},"s":{"0":0,"1":0,"2":0,"3":0,"4":0},"f":{"0":0},"b":{"0":[0,0]}}
,"/Users/geraldcraig/Repos/FamilyChatApp/.expo/metro/shims/react-native-web/dist/cjs/exports/BackHandler/index.js": {"path":"/Users/geraldcraig/Repos/FamilyChatApp/.expo/metro/shims/react-native-web/dist/cjs/exports/BackHandler/index.js","statementMap":{"0":{"start":{"line":3,"column":0},"end":{"line":3,"column":54}},"1":{"start":{"line":4,"column":18},"end":{"line":8,"column":3}},"2":{"start":{"line":6,"column":29},"end":{"line":6,"column":54}},"3":{"start":{"line":9,"column":13},"end":{"line":9,"column":24}},"4":{"start":{"line":10,"column":0},"end":{"line":10,"column":65}}},"fnMap":{"0":{"name":"emptyFunction","decl":{"start":{"line":2,"column":9},"end":{"line":2,"column":22}},"loc":{"start":{"line":2,"column":25},"end":{"line":2,"column":27}},"line":2},"1":{"name":"(anonymous_1)","decl":{"start":{"line":6,"column":22},"end":{"line":6,"column":23}},"loc":{"start":{"line":6,"column":29},"end":{"line":6,"column":54}},"line":6}},"branchMap":{},"s":{"0":0,"1":0,"2":0,"3":0,"4":0},"f":{"0":0,"1":0},"b":{}}
,"/Users/geraldcraig/Repos/FamilyChatApp/.expo/metro/shims/react-native-web/dist/exports/AppRegistry/AppContainer.js": {"path":"/Users/geraldcraig/Repos/FamilyChatApp/.expo/metro/shims/react-native-web/dist/exports/AppRegistry/AppContainer.js","statementMap":{"0":{"start":{"line":5,"column":2},"end":{"line":5,"column":18}},"1":{"start":{"line":8,"column":0},"end":{"line":10,"column":1}},"2":{"start":{"line":9,"column":2},"end":{"line":9,"column":44}}},"fnMap":{"0":{"name":"AppContainer","decl":{"start":{"line":4,"column":9},"end":{"line":4,"column":21}},"loc":{"start":{"line":4,"column":36},"end":{"line":6,"column":1}},"line":4}},"branchMap":{"0":{"loc":{"start":{"line":8,"column":0},"end":{"line":10,"column":1}},"type":"if","locations":[{"start":{"line":8,"column":0},"end":{"line":10,"column":1}},{"start":{},"end":{}}],"line":8}},"s":{"0":0,"1":0,"2":0},"f":{"0":0},"b":{"0":[0,0]}}
,"/Users/geraldcraig/Repos/FamilyChatApp/.expo/metro/shims/react-native-web/dist/exports/BackHandler/index.js": {"path":"/Users/geraldcraig/Repos/FamilyChatApp/.expo/metro/shims/react-native-web/dist/exports/BackHandler/index.js","statementMap":{"0":{"start":{"line":2,"column":18},"end":{"line":6,"column":1}},"1":{"start":{"line":4,"column":27},"end":{"line":4,"column":52}}},"fnMap":{"0":{"name":"emptyFunction","decl":{"start":{"line":1,"column":9},"end":{"line":1,"column":22}},"loc":{"start":{"line":1,"column":25},"end":{"line":1,"column":27}},"line":1},"1":{"name":"(anonymous_1)","decl":{"start":{"line":4,"column":20},"end":{"line":4,"column":21}},"loc":{"start":{"line":4,"column":27},"end":{"line":4,"column":52}},"line":4}},"branchMap":{},"s":{"0":0,"1":0},"f":{"0":0,"1":0},"b":{}}
,"/Users/geraldcraig/Repos/FamilyChatApp/components/AuthContext.js": {"path":"/Users/geraldcraig/Repos/FamilyChatApp/components/AuthContext.js","statementMap":{"0":{"start":{"line":5,"column":27},"end":{"line":5,"column":46}},"1":{"start":{"line":7,"column":27},"end":{"line":18,"column":1}},"2":{"start":{"line":8,"column":2},"end":{"line":17,"column":3}},"3":{"start":{"line":10,"column":6},"end":{"line":10,"column":47}},"4":{"start":{"line":12,"column":6},"end":{"line":12,"column":37}},"5":{"start":{"line":14,"column":6},"end":{"line":14,"column":56}},"6":{"start":{"line":16,"column":6},"end":{"line":16,"column":18}},"7":{"start":{"line":20,"column":35},"end":{"line":40,"column":1}},"8":{"start":{"line":21,"column":28},"end":{"line":24,"column":4}},"9":{"start":{"line":26,"column":2},"end":{"line":31,"column":9}},"10":{"start":{"line":27,"column":18},"end":{"line":30,"column":6}},"11":{"start":{"line":28,"column":6},"end":{"line":28,"column":56}},"12":{"start":{"line":29,"column":6},"end":{"line":29,"column":13}},"13":{"start":{"line":33,"column":2},"end":{"line":33,"column":42}},"14":{"start":{"line":35,"column":2},"end":{"line":39,"column":4}}},"fnMap":{"0":{"name":"(anonymous_0)","decl":{"start":{"line":7,"column":27},"end":{"line":7,"column":28}},"loc":{"start":{"line":7,"column":46},"end":{"line":18,"column":1}},"line":7},"1":{"name":"(anonymous_1)","decl":{"start":{"line":20,"column":35},"end":{"line":20,"column":36}},"loc":{"start":{"line":20,"column":53},"end":{"line":40,"column":1}},"line":20},"2":{"name":"(anonymous_2)","decl":{"start":{"line":26,"column":12},"end":{"line":26,"column":13}},"loc":{"start":{"line":26,"column":18},"end":{"line":31,"column":3}},"line":26},"3":{"name":"(anonymous_3)","decl":{"start":{"line":27,"column":43},"end":{"line":27,"column":44}},"loc":{"start":{"line":27,"column":51},"end":{"line":30,"column":5}},"line":27}},"branchMap":{"0":{"loc":{"start":{"line":8,"column":2},"end":{"line":17,"column":3}},"type":"switch","locations":[{"start":{"line":9,"column":4},"end":{"line":10,"column":47}},{"start":{"line":11,"column":4},"end":{"line":12,"column":37}},{"start":{"line":13,"column":4},"end":{"line":14,"column":56}},{"start":{"line":15,"column":4},"end":{"line":16,"column":18}}],"line":8}},"s":{"0":0,"1":0,"2":0,"3":0,"4":0,"5":0,"6":0,"7":0,"8":0,"9":0,"10":0,"11":0,"12":0,"13":0,"14":0},"f":{"0":0,"1":0,"2":0,"3":0},"b":{"0":[0,0,0,0]}}
,"/Users/geraldcraig/Repos/FamilyChatApp/components/useAuthContext.js": {"path":"/Users/geraldcraig/Repos/FamilyChatApp/components/useAuthContext.js","statementMap":{"0":{"start":{"line":4,"column":30},"end":{"line":10,"column":1}},"1":{"start":{"line":5,"column":20},"end":{"line":5,"column":43}},"2":{"start":{"line":6,"column":4},"end":{"line":8,"column":5}},"3":{"start":{"line":7,"column":8},"end":{"line":7,"column":85}},"4":{"start":{"line":9,"column":4},"end":{"line":9,"column":19}}},"fnMap":{"0":{"name":"(anonymous_0)","decl":{"start":{"line":4,"column":30},"end":{"line":4,"column":31}},"loc":{"start":{"line":4,"column":36},"end":{"line":10,"column":1}},"line":4}},"branchMap":{"0":{"loc":{"start":{"line":6,"column":4},"end":{"line":8,"column":5}},"type":"if","locations":[{"start":{"line":6,"column":4},"end":{"line":8,"column":5}},{"start":{},"end":{}}],"line":6}},"s":{"0":0,"1":0,"2":0,"3":0,"4":0},"f":{"0":0},"b":{"0":[0,0]}}
,"/Users/geraldcraig/Repos/FamilyChatApp/context/auth-context.js": {"path":"/Users/geraldcraig/Repos/FamilyChatApp/context/auth-context.js","statementMap":{},"fnMap":{},"branchMap":{},"s":{},"f":{},"b":{}}
,"/Users/geraldcraig/Repos/FamilyChatApp/screens/CalendarScreen.js": {"path":"/Users/geraldcraig/Repos/FamilyChatApp/screens/CalendarScreen.js","statementMap":{"0":{"start":{"line":4,"column":23},"end":{"line":20,"column":1}},"1":{"start":{"line":5,"column":4},"end":{"line":19,"column":6}},"2":{"start":{"line":8,"column":37},"end":{"line":8,"column":67}},"3":{"start":{"line":9,"column":41},"end":{"line":9,"column":75}},"4":{"start":{"line":10,"column":41},"end":{"line":10,"column":75}},"5":{"start":{"line":12,"column":20},"end":{"line":12,"column":52}},"6":{"start":{"line":12,"column":53},"end":{"line":12,"column":73}},"7":{"start":{"line":15,"column":20},"end":{"line":15,"column":53}},"8":{"start":{"line":15,"column":54},"end":{"line":15,"column":70}},"9":{"start":{"line":22,"column":15},"end":{"line":28,"column":2}}},"fnMap":{"0":{"name":"(anonymous_0)","decl":{"start":{"line":4,"column":23},"end":{"line":4,"column":24}},"loc":{"start":{"line":4,"column":29},"end":{"line":20,"column":1}},"line":4},"1":{"name":"(anonymous_1)","decl":{"start":{"line":8,"column":28},"end":{"line":8,"column":29}},"loc":{"start":{"line":8,"column":37},"end":{"line":8,"column":67}},"line":8},"2":{"name":"(anonymous_2)","decl":{"start":{"line":9,"column":32},"end":{"line":9,"column":33}},"loc":{"start":{"line":9,"column":41},"end":{"line":9,"column":75}},"line":9},"3":{"name":"(anonymous_3)","decl":{"start":{"line":10,"column":31},"end":{"line":10,"column":32}},"loc":{"start":{"line":10,"column":41},"end":{"line":10,"column":75}},"line":10},"4":{"name":"(anonymous_4)","decl":{"start":{"line":11,"column":34},"end":{"line":11,"column":35}},"loc":{"start":{"line":11,"column":57},"end":{"line":13,"column":17}},"line":11},"5":{"name":"(anonymous_5)","decl":{"start":{"line":14,"column":35},"end":{"line":14,"column":36}},"loc":{"start":{"line":14,"column":54},"end":{"line":16,"column":17}},"line":14}},"branchMap":{},"s":{"0":0,"1":0,"2":0,"3":0,"4":0,"5":0,"6":0,"7":0,"8":0,"9":0},"f":{"0":0,"1":0,"2":0,"3":0,"4":0,"5":0},"b":{}}
,"/Users/geraldcraig/Repos/FamilyChatApp/screens/ChatList.js": {"path":"/Users/geraldcraig/Repos/FamilyChatApp/screens/ChatList.js","statementMap":{"0":{"start":{"line":9,"column":17},"end":{"line":75,"column":1}},"1":{"start":{"line":10,"column":38},"end":{"line":10,"column":50}},"2":{"start":{"line":11,"column":19},"end":{"line":11,"column":35}},"3":{"start":{"line":12,"column":19},"end":{"line":12,"column":27}},"4":{"start":{"line":16,"column":14},"end":{"line":16,"column":98}},"5":{"start":{"line":19,"column":4},"end":{"line":21,"column":11}},"6":{"start":{"line":20,"column":8},"end":{"line":20,"column":54}},"7":{"start":{"line":20,"column":32},"end":{"line":20,"column":52}},"8":{"start":{"line":23,"column":24},"end":{"line":42,"column":5}},"9":{"start":{"line":25,"column":8},"end":{"line":41,"column":9}},"10":{"start":{"line":32,"column":34},"end":{"line":32,"column":50}},"11":{"start":{"line":33,"column":26},"end":{"line":33,"column":28}},"12":{"start":{"line":34,"column":12},"end":{"line":36,"column":14}},"13":{"start":{"line":35,"column":16},"end":{"line":35,"column":59}},"14":{"start":{"line":37,"column":12},"end":{"line":37,"column":34}},"15":{"start":{"line":40,"column":12},"end":{"line":40,"column":58}},"16":{"start":{"line":45,"column":23},"end":{"line":62,"column":5}},"17":{"start":{"line":46,"column":8},"end":{"line":61,"column":20}},"18":{"start":{"line":46,"column":34},"end":{"line":50,"column":10}},"19":{"start":{"line":64,"column":4},"end":{"line":74,"column":5}},"20":{"start":{"line":69,"column":44},"end":{"line":69,"column":51}},"21":{"start":{"line":77,"column":15},"end":{"line":113,"column":2}}},"fnMap":{"0":{"name":"(anonymous_0)","decl":{"start":{"line":9,"column":17},"end":{"line":9,"column":18}},"loc":{"start":{"line":9,"column":35},"end":{"line":75,"column":1}},"line":9},"1":{"name":"(anonymous_1)","decl":{"start":{"line":19,"column":14},"end":{"line":19,"column":15}},"loc":{"start":{"line":19,"column":20},"end":{"line":21,"column":5}},"line":19},"2":{"name":"(anonymous_2)","decl":{"start":{"line":20,"column":27},"end":{"line":20,"column":28}},"loc":{"start":{"line":20,"column":32},"end":{"line":20,"column":52}},"line":20},"3":{"name":"(anonymous_3)","decl":{"start":{"line":23,"column":24},"end":{"line":23,"column":25}},"loc":{"start":{"line":23,"column":36},"end":{"line":42,"column":5}},"line":23},"4":{"name":"(anonymous_4)","decl":{"start":{"line":34,"column":34},"end":{"line":34,"column":35}},"loc":{"start":{"line":34,"column":43},"end":{"line":36,"column":13}},"line":34},"5":{"name":"(anonymous_5)","decl":{"start":{"line":45,"column":23},"end":{"line":45,"column":24}},"loc":{"start":{"line":46,"column":8},"end":{"line":61,"column":20}},"line":46},"6":{"name":"(anonymous_6)","decl":{"start":{"line":46,"column":28},"end":{"line":46,"column":29}},"loc":{"start":{"line":46,"column":34},"end":{"line":50,"column":10}},"line":46},"7":{"name":"(anonymous_7)","decl":{"start":{"line":69,"column":34},"end":{"line":69,"column":35}},"loc":{"start":{"line":69,"column":44},"end":{"line":69,"column":51}},"line":69}},"branchMap":{},"s":{"0":0,"1":0,"2":0,"3":0,"4":0,"5":0,"6":0,"7":0,"8":0,"9":0,"10":0,"11":0,"12":0,"13":0,"14":0,"15":0,"16":0,"17":0,"18":0,"19":0,"20":0,"21":0},"f":{"0":0,"1":0,"2":0,"3":0,"4":0,"5":0,"6":0,"7":0},"b":{}}
,"/Users/geraldcraig/Repos/FamilyChatApp/screens/ChatListScreen.js": {"path":"/Users/geraldcraig/Repos/FamilyChatApp/screens/ChatListScreen.js","statementMap":{"0":{"start":{"line":9,"column":23},"end":{"line":110,"column":1}},"1":{"start":{"line":10,"column":38},"end":{"line":10,"column":50}},"2":{"start":{"line":11,"column":21},"end":{"line":11,"column":37}},"3":{"start":{"line":12,"column":19},"end":{"line":12,"column":27}},"4":{"start":{"line":14,"column":16},"end":{"line":14,"column":100}},"5":{"start":{"line":16,"column":4},"end":{"line":18,"column":11}},"6":{"start":{"line":17,"column":8},"end":{"line":17,"column":60}},"7":{"start":{"line":17,"column":32},"end":{"line":17,"column":58}},"8":{"start":{"line":20,"column":24},"end":{"line":32,"column":5}},"9":{"start":{"line":21,"column":28},"end":{"line":30,"column":10}},"10":{"start":{"line":22,"column":26},"end":{"line":22,"column":28}},"11":{"start":{"line":23,"column":12},"end":{"line":25,"column":15}},"12":{"start":{"line":24,"column":16},"end":{"line":24,"column":59}},"13":{"start":{"line":26,"column":12},"end":{"line":26,"column":34}},"14":{"start":{"line":27,"column":12},"end":{"line":29,"column":14}},"15":{"start":{"line":28,"column":16},"end":{"line":28,"column":83}},"16":{"start":{"line":31,"column":8},"end":{"line":31,"column":35}},"17":{"start":{"line":31,"column":21},"end":{"line":31,"column":34}},"18":{"start":{"line":82,"column":23},"end":{"line":97,"column":5}},"19":{"start":{"line":83,"column":8},"end":{"line":96,"column":20}},"20":{"start":{"line":83,"column":34},"end":{"line":85,"column":10}},"21":{"start":{"line":99,"column":4},"end":{"line":109,"column":5}},"22":{"start":{"line":104,"column":44},"end":{"line":104,"column":51}},"23":{"start":{"line":112,"column":15},"end":{"line":148,"column":2}}},"fnMap":{"0":{"name":"(anonymous_0)","decl":{"start":{"line":9,"column":23},"end":{"line":9,"column":24}},"loc":{"start":{"line":9,"column":43},"end":{"line":110,"column":1}},"line":9},"1":{"name":"(anonymous_1)","decl":{"start":{"line":16,"column":14},"end":{"line":16,"column":15}},"loc":{"start":{"line":16,"column":20},"end":{"line":18,"column":5}},"line":16},"2":{"name":"(anonymous_2)","decl":{"start":{"line":17,"column":27},"end":{"line":17,"column":28}},"loc":{"start":{"line":17,"column":32},"end":{"line":17,"column":58}},"line":17},"3":{"name":"(anonymous_3)","decl":{"start":{"line":20,"column":24},"end":{"line":20,"column":25}},"loc":{"start":{"line":20,"column":36},"end":{"line":32,"column":5}},"line":20},"4":{"name":"(anonymous_4)","decl":{"start":{"line":21,"column":44},"end":{"line":21,"column":45}},"loc":{"start":{"line":21,"column":63},"end":{"line":30,"column":9}},"line":21},"5":{"name":"(anonymous_5)","decl":{"start":{"line":23,"column":39},"end":{"line":23,"column":40}},"loc":{"start":{"line":23,"column":48},"end":{"line":25,"column":13}},"line":23},"6":{"name":"(anonymous_6)","decl":{"start":{"line":27,"column":28},"end":{"line":27,"column":29}},"loc":{"start":{"line":27,"column":40},"end":{"line":29,"column":13}},"line":27},"7":{"name":"(anonymous_7)","decl":{"start":{"line":31,"column":15},"end":{"line":31,"column":16}},"loc":{"start":{"line":31,"column":21},"end":{"line":31,"column":34}},"line":31},"8":{"name":"(anonymous_8)","decl":{"start":{"line":82,"column":23},"end":{"line":82,"column":24}},"loc":{"start":{"line":83,"column":8},"end":{"line":96,"column":20}},"line":83},"9":{"name":"(anonymous_9)","decl":{"start":{"line":83,"column":28},"end":{"line":83,"column":29}},"loc":{"start":{"line":83,"column":34},"end":{"line":85,"column":10}},"line":83},"10":{"name":"(anonymous_10)","decl":{"start":{"line":104,"column":34},"end":{"line":104,"column":35}},"loc":{"start":{"line":104,"column":44},"end":{"line":104,"column":51}},"line":104}},"branchMap":{},"s":{"0":0,"1":0,"2":0,"3":0,"4":0,"5":0,"6":0,"7":0,"8":0,"9":0,"10":0,"11":0,"12":0,"13":0,"14":0,"15":0,"16":0,"17":0,"18":0,"19":0,"20":0,"21":0,"22":0,"23":0},"f":{"0":0,"1":0,"2":0,"3":0,"4":0,"5":0,"6":0,"7":0,"8":0,"9":0,"10":0},"b":{}}
,"/Users/geraldcraig/Repos/FamilyChatApp/screens/ChatScreen.js": {"path":"/Users/geraldcraig/Repos/FamilyChatApp/screens/ChatScreen.js","statementMap":{"0":{"start":{"line":18,"column":19},"end":{"line":97,"column":1}},"1":{"start":{"line":19,"column":36},"end":{"line":19,"column":48}},"2":{"start":{"line":20,"column":30},"end":{"line":20,"column":42}},"3":{"start":{"line":21,"column":25},"end":{"line":21,"column":37}},"4":{"start":{"line":22,"column":19},"end":{"line":22,"column":35}},"5":{"start":{"line":23,"column":19},"end":{"line":23,"column":27}},"6":{"start":{"line":24,"column":21},"end":{"line":24,"column":31}},"7":{"start":{"line":25,"column":4},"end":{"line":25,"column":89}},"8":{"start":{"line":27,"column":24},"end":{"line":31,"column":5}},"9":{"start":{"line":28,"column":8},"end":{"line":30,"column":9}},"10":{"start":{"line":29,"column":12},"end":{"line":29,"column":24}},"11":{"start":{"line":33,"column":4},"end":{"line":46,"column":11}},"12":{"start":{"line":34,"column":20},"end":{"line":34,"column":70}},"13":{"start":{"line":36,"column":28},"end":{"line":44,"column":10}},"14":{"start":{"line":37,"column":26},"end":{"line":37,"column":28}},"15":{"start":{"line":38,"column":12},"end":{"line":40,"column":15}},"16":{"start":{"line":39,"column":16},"end":{"line":39,"column":57}},"17":{"start":{"line":43,"column":12},"end":{"line":43,"column":33}},"18":{"start":{"line":45,"column":8},"end":{"line":45,"column":35}},"19":{"start":{"line":45,"column":21},"end":{"line":45,"column":34}},"20":{"start":{"line":48,"column":24},"end":{"line":56,"column":5}},"21":{"start":{"line":49,"column":8},"end":{"line":53,"column":11}},"22":{"start":{"line":54,"column":8},"end":{"line":54,"column":48}},"23":{"start":{"line":55,"column":8},"end":{"line":55,"column":21}},"24":{"start":{"line":58,"column":4},"end":{"line":96,"column":6}},"25":{"start":{"line":65,"column":50},"end":{"line":65,"column":75}},"26":{"start":{"line":66,"column":45},"end":{"line":72,"column":44}},"27":{"start":{"line":73,"column":44},"end":{"line":73,"column":51}},"28":{"start":{"line":80,"column":35},"end":{"line":80,"column":59}},"29":{"start":{"line":99,"column":15},"end":{"line":147,"column":2}}},"fnMap":{"0":{"name":"(anonymous_0)","decl":{"start":{"line":18,"column":19},"end":{"line":18,"column":20}},"loc":{"start":{"line":18,"column":44},"end":{"line":97,"column":1}},"line":18},"1":{"name":"(anonymous_1)","decl":{"start":{"line":27,"column":24},"end":{"line":27,"column":25}},"loc":{"start":{"line":27,"column":30},"end":{"line":31,"column":5}},"line":27},"2":{"name":"(anonymous_2)","decl":{"start":{"line":33,"column":14},"end":{"line":33,"column":15}},"loc":{"start":{"line":33,"column":20},"end":{"line":46,"column":5}},"line":33},"3":{"name":"(anonymous_3)","decl":{"start":{"line":36,"column":44},"end":{"line":36,"column":45}},"loc":{"start":{"line":36,"column":63},"end":{"line":44,"column":9}},"line":36},"4":{"name":"(anonymous_4)","decl":{"start":{"line":38,"column":39},"end":{"line":38,"column":40}},"loc":{"start":{"line":38,"column":48},"end":{"line":40,"column":13}},"line":38},"5":{"name":"(anonymous_5)","decl":{"start":{"line":45,"column":15},"end":{"line":45,"column":16}},"loc":{"start":{"line":45,"column":21},"end":{"line":45,"column":34}},"line":45},"6":{"name":"(anonymous_6)","decl":{"start":{"line":48,"column":24},"end":{"line":48,"column":25}},"loc":{"start":{"line":48,"column":36},"end":{"line":56,"column":5}},"line":48},"7":{"name":"(anonymous_7)","decl":{"start":{"line":65,"column":40},"end":{"line":65,"column":41}},"loc":{"start":{"line":65,"column":50},"end":{"line":65,"column":75}},"line":65},"8":{"name":"(anonymous_8)","decl":{"start":{"line":66,"column":32},"end":{"line":66,"column":33}},"loc":{"start":{"line":66,"column":45},"end":{"line":72,"column":44}},"line":66},"9":{"name":"(anonymous_9)","decl":{"start":{"line":73,"column":34},"end":{"line":73,"column":35}},"loc":{"start":{"line":73,"column":44},"end":{"line":73,"column":51}},"line":73},"10":{"name":"(anonymous_10)","decl":{"start":{"line":80,"column":29},"end":{"line":80,"column":30}},"loc":{"start":{"line":80,"column":35},"end":{"line":80,"column":59}},"line":80}},"branchMap":{"0":{"loc":{"start":{"line":28,"column":8},"end":{"line":30,"column":9}},"type":"if","locations":[{"start":{"line":28,"column":8},"end":{"line":30,"column":9}},{"start":{},"end":{}}],"line":28},"1":{"loc":{"start":{"line":69,"column":45},"end":{"line":69,"column":80}},"type":"cond-expr","locations":[{"start":{"line":69,"column":61},"end":{"line":69,"column":70}},{"start":{"line":69,"column":73},"end":{"line":69,"column":80}}],"line":69},"2":{"loc":{"start":{"line":70,"column":39},"end":{"line":70,"column":80}},"type":"cond-expr","locations":[{"start":{"line":70,"column":55},"end":{"line":70,"column":65}},{"start":{"line":70,"column":68},"end":{"line":70,"column":80}}],"line":70}},"s":{"0":0,"1":0,"2":0,"3":0,"4":0,"5":0,"6":0,"7":0,"8":0,"9":0,"10":0,"11":0,"12":0,"13":0,"14":0,"15":0,"16":0,"17":0,"18":0,"19":0,"20":0,"21":0,"22":0,"23":0,"24":0,"25":0,"26":0,"27":0,"28":0,"29":0},"f":{"0":0,"1":0,"2":0,"3":0,"4":0,"5":0,"6":0,"7":0,"8":0,"9":0,"10":0},"b":{"0":[0,0],"1":[0,0],"2":[0,0]}}
,"/Users/geraldcraig/Repos/FamilyChatApp/screens/ContactListScreen.js": {"path":"/Users/geraldcraig/Repos/FamilyChatApp/screens/ContactListScreen.js","statementMap":{"0":{"start":{"line":10,"column":26},"end":{"line":155,"column":1}},"1":{"start":{"line":11,"column":36},"end":{"line":11,"column":48}},"2":{"start":{"line":12,"column":30},"end":{"line":12,"column":42}},"3":{"start":{"line":13,"column":21},"end":{"line":13,"column":37}},"4":{"start":{"line":14,"column":19},"end":{"line":14,"column":27}},"5":{"start":{"line":15,"column":4},"end":{"line":15,"column":79}},"6":{"start":{"line":56,"column":16},"end":{"line":56,"column":39}},"7":{"start":{"line":58,"column":4},"end":{"line":60,"column":11}},"8":{"start":{"line":59,"column":8},"end":{"line":59,"column":60}},"9":{"start":{"line":59,"column":32},"end":{"line":59,"column":58}},"10":{"start":{"line":62,"column":24},"end":{"line":74,"column":5}},"11":{"start":{"line":63,"column":28},"end":{"line":72,"column":10}},"12":{"start":{"line":64,"column":26},"end":{"line":64,"column":28}},"13":{"start":{"line":65,"column":12},"end":{"line":67,"column":15}},"14":{"start":{"line":66,"column":16},"end":{"line":66,"column":59}},"15":{"start":{"line":68,"column":12},"end":{"line":68,"column":33}},"16":{"start":{"line":69,"column":12},"end":{"line":71,"column":14}},"17":{"start":{"line":70,"column":16},"end":{"line":70,"column":72}},"18":{"start":{"line":73,"column":8},"end":{"line":73,"column":35}},"19":{"start":{"line":73,"column":21},"end":{"line":73,"column":34}},"20":{"start":{"line":119,"column":23},"end":{"line":144,"column":5}},"21":{"start":{"line":120,"column":8},"end":{"line":143,"column":20}},"22":{"start":{"line":123,"column":16},"end":{"line":128,"column":19}},"23":{"start":{"line":146,"column":4},"end":{"line":154,"column":6}},"24":{"start":{"line":150,"column":16},"end":{"line":150,"column":43}},"25":{"start":{"line":151,"column":36},"end":{"line":151,"column":43}},"26":{"start":{"line":157,"column":15},"end":{"line":189,"column":2}}},"fnMap":{"0":{"name":"(anonymous_0)","decl":{"start":{"line":10,"column":26},"end":{"line":10,"column":27}},"loc":{"start":{"line":10,"column":46},"end":{"line":155,"column":1}},"line":10},"1":{"name":"(anonymous_1)","decl":{"start":{"line":58,"column":14},"end":{"line":58,"column":15}},"loc":{"start":{"line":58,"column":20},"end":{"line":60,"column":5}},"line":58},"2":{"name":"(anonymous_2)","decl":{"start":{"line":59,"column":27},"end":{"line":59,"column":28}},"loc":{"start":{"line":59,"column":32},"end":{"line":59,"column":58}},"line":59},"3":{"name":"(anonymous_3)","decl":{"start":{"line":62,"column":24},"end":{"line":62,"column":25}},"loc":{"start":{"line":62,"column":36},"end":{"line":74,"column":5}},"line":62},"4":{"name":"(anonymous_4)","decl":{"start":{"line":63,"column":44},"end":{"line":63,"column":45}},"loc":{"start":{"line":63,"column":63},"end":{"line":72,"column":9}},"line":63},"5":{"name":"(anonymous_5)","decl":{"start":{"line":65,"column":39},"end":{"line":65,"column":40}},"loc":{"start":{"line":65,"column":48},"end":{"line":67,"column":13}},"line":65},"6":{"name":"(anonymous_6)","decl":{"start":{"line":69,"column":28},"end":{"line":69,"column":29}},"loc":{"start":{"line":69,"column":40},"end":{"line":71,"column":13}},"line":69},"7":{"name":"(anonymous_7)","decl":{"start":{"line":73,"column":15},"end":{"line":73,"column":16}},"loc":{"start":{"line":73,"column":21},"end":{"line":73,"column":34}},"line":73},"8":{"name":"(anonymous_8)","decl":{"start":{"line":119,"column":23},"end":{"line":119,"column":24}},"loc":{"start":{"line":120,"column":8},"end":{"line":143,"column":20}},"line":120},"9":{"name":"(anonymous_9)","decl":{"start":{"line":122,"column":21},"end":{"line":122,"column":22}},"loc":{"start":{"line":122,"column":27},"end":{"line":129,"column":13}},"line":122},"10":{"name":"(anonymous_10)","decl":{"start":{"line":149,"column":34},"end":{"line":149,"column":35}},"loc":{"start":{"line":149,"column":46},"end":{"line":150,"column":44}},"line":149},"11":{"name":"(anonymous_11)","decl":{"start":{"line":151,"column":26},"end":{"line":151,"column":27}},"loc":{"start":{"line":151,"column":36},"end":{"line":151,"column":43}},"line":151}},"branchMap":{},"s":{"0":0,"1":0,"2":0,"3":0,"4":0,"5":0,"6":0,"7":0,"8":0,"9":0,"10":0,"11":0,"12":0,"13":0,"14":0,"15":0,"16":0,"17":0,"18":0,"19":0,"20":0,"21":0,"22":0,"23":0,"24":0,"25":0,"26":0},"f":{"0":0,"1":0,"2":0,"3":0,"4":0,"5":0,"6":0,"7":0,"8":0,"9":0,"10":0,"11":0},"b":{}}
,"/Users/geraldcraig/Repos/FamilyChatApp/screens/ContactListScreenCopy.js": {"path":"/Users/geraldcraig/Repos/FamilyChatApp/screens/ContactListScreenCopy.js","statementMap":{"0":{"start":{"line":12,"column":16},"end":{"line":12,"column":28}},"1":{"start":{"line":14,"column":26},"end":{"line":212,"column":1}},"2":{"start":{"line":15,"column":4},"end":{"line":15,"column":47}},"3":{"start":{"line":19,"column":36},"end":{"line":19,"column":48}},"4":{"start":{"line":20,"column":30},"end":{"line":20,"column":42}},"5":{"start":{"line":21,"column":21},"end":{"line":21,"column":37}},"6":{"start":{"line":22,"column":19},"end":{"line":22,"column":27}},"7":{"start":{"line":23,"column":4},"end":{"line":23,"column":79}},"8":{"start":{"line":25,"column":29},"end":{"line":49,"column":5}},"9":{"start":{"line":28,"column":21},"end":{"line":40,"column":10}},"10":{"start":{"line":29,"column":24},"end":{"line":29,"column":44}},"11":{"start":{"line":30,"column":12},"end":{"line":32,"column":14}},"12":{"start":{"line":31,"column":16},"end":{"line":31,"column":38}},"13":{"start":{"line":33,"column":12},"end":{"line":36,"column":14}},"14":{"start":{"line":34,"column":16},"end":{"line":34,"column":31}},"15":{"start":{"line":35,"column":16},"end":{"line":35,"column":64}},"16":{"start":{"line":37,"column":12},"end":{"line":37,"column":38}},"17":{"start":{"line":38,"column":12},"end":{"line":38,"column":39}},"18":{"start":{"line":39,"column":12},"end":{"line":39,"column":27}},"19":{"start":{"line":42,"column":24},"end":{"line":42,"column":57}},"20":{"start":{"line":43,"column":23},"end":{"line":43,"column":55}},"21":{"start":{"line":46,"column":8},"end":{"line":46,"column":21}},"22":{"start":{"line":51,"column":21},"end":{"line":88,"column":5}},"23":{"start":{"line":52,"column":8},"end":{"line":52,"column":47}},"24":{"start":{"line":54,"column":23},"end":{"line":54,"column":69}},"25":{"start":{"line":54,"column":48},"end":{"line":54,"column":68}},"26":{"start":{"line":58,"column":8},"end":{"line":58,"column":59}},"27":{"start":{"line":60,"column":26},"end":{"line":60,"column":41}},"28":{"start":{"line":62,"column":8},"end":{"line":87,"column":9}},"29":{"start":{"line":63,"column":12},"end":{"line":63,"column":66}},"30":{"start":{"line":65,"column":29},"end":{"line":65,"column":52}},"31":{"start":{"line":67,"column":22},"end":{"line":67,"column":67}},"32":{"start":{"line":69,"column":34},"end":{"line":69,"column":50}},"33":{"start":{"line":70,"column":12},"end":{"line":73,"column":15}},"34":{"start":{"line":72,"column":16},"end":{"line":72,"column":56}},"35":{"start":{"line":75,"column":12},"end":{"line":75,"column":41}},"36":{"start":{"line":77,"column":28},"end":{"line":77,"column":51}},"37":{"start":{"line":78,"column":23},"end":{"line":78,"column":71}},"38":{"start":{"line":80,"column":31},"end":{"line":80,"column":48}},"39":{"start":{"line":81,"column":12},"end":{"line":84,"column":15}},"40":{"start":{"line":83,"column":16},"end":{"line":83,"column":61}},"41":{"start":{"line":91,"column":4},"end":{"line":108,"column":11}},"42":{"start":{"line":92,"column":20},"end":{"line":92,"column":43}},"43":{"start":{"line":94,"column":28},"end":{"line":106,"column":10}},"44":{"start":{"line":95,"column":26},"end":{"line":95,"column":28}},"45":{"start":{"line":96,"column":12},"end":{"line":98,"column":15}},"46":{"start":{"line":97,"column":16},"end":{"line":97,"column":59}},"47":{"start":{"line":102,"column":12},"end":{"line":102,"column":33}},"48":{"start":{"line":103,"column":12},"end":{"line":103,"column":44}},"49":{"start":{"line":104,"column":12},"end":{"line":104,"column":55}},"50":{"start":{"line":105,"column":12},"end":{"line":105,"column":60}},"51":{"start":{"line":105,"column":40},"end":{"line":105,"column":59}},"52":{"start":{"line":107,"column":8},"end":{"line":107,"column":35}},"53":{"start":{"line":107,"column":21},"end":{"line":107,"column":34}},"54":{"start":{"line":118,"column":23},"end":{"line":132,"column":5}},"55":{"start":{"line":119,"column":8},"end":{"line":119,"column":33}},"56":{"start":{"line":134,"column":33},"end":{"line":145,"column":5}},"57":{"start":{"line":135,"column":29},"end":{"line":135,"column":58}},"58":{"start":{"line":136,"column":30},"end":{"line":136,"column":60}},"59":{"start":{"line":138,"column":8},"end":{"line":140,"column":11}},"60":{"start":{"line":142,"column":8},"end":{"line":144,"column":11}},"61":{"start":{"line":178,"column":23},"end":{"line":201,"column":5}},"62":{"start":{"line":179,"column":8},"end":{"line":200,"column":20}},"63":{"start":{"line":182,"column":16},"end":{"line":187,"column":19}},"64":{"start":{"line":203,"column":4},"end":{"line":211,"column":6}},"65":{"start":{"line":207,"column":16},"end":{"line":207,"column":43}},"66":{"start":{"line":208,"column":36},"end":{"line":208,"column":43}},"67":{"start":{"line":214,"column":15},"end":{"line":246,"column":2}}},"fnMap":{"0":{"name":"(anonymous_0)","decl":{"start":{"line":14,"column":26},"end":{"line":14,"column":27}},"loc":{"start":{"line":14,"column":46},"end":{"line":212,"column":1}},"line":14},"1":{"name":"(anonymous_1)","decl":{"start":{"line":25,"column":29},"end":{"line":25,"column":30}},"loc":{"start":{"line":25,"column":44},"end":{"line":49,"column":5}},"line":25},"2":{"name":"(anonymous_2)","decl":{"start":{"line":28,"column":39},"end":{"line":28,"column":40}},"loc":{"start":{"line":28,"column":60},"end":{"line":40,"column":9}},"line":28},"3":{"name":"(anonymous_3)","decl":{"start":{"line":30,"column":25},"end":{"line":30,"column":26}},"loc":{"start":{"line":30,"column":37},"end":{"line":32,"column":13}},"line":30},"4":{"name":"(anonymous_4)","decl":{"start":{"line":33,"column":26},"end":{"line":33,"column":27}},"loc":{"start":{"line":33,"column":39},"end":{"line":36,"column":13}},"line":33},"5":{"name":"(anonymous_5)","decl":{"start":{"line":51,"column":21},"end":{"line":51,"column":22}},"loc":{"start":{"line":51,"column":40},"end":{"line":88,"column":5}},"line":51},"6":{"name":"(anonymous_6)","decl":{"start":{"line":54,"column":36},"end":{"line":54,"column":37}},"loc":{"start":{"line":54,"column":48},"end":{"line":54,"column":68}},"line":54},"7":{"name":"(anonymous_7)","decl":{"start":{"line":70,"column":34},"end":{"line":70,"column":35}},"loc":{"start":{"line":70,"column":43},"end":{"line":73,"column":13}},"line":70},"8":{"name":"(anonymous_8)","decl":{"start":{"line":81,"column":31},"end":{"line":81,"column":32}},"loc":{"start":{"line":81,"column":40},"end":{"line":84,"column":13}},"line":81},"9":{"name":"(anonymous_9)","decl":{"start":{"line":91,"column":14},"end":{"line":91,"column":15}},"loc":{"start":{"line":91,"column":20},"end":{"line":108,"column":5}},"line":91},"10":{"name":"(anonymous_10)","decl":{"start":{"line":94,"column":44},"end":{"line":94,"column":45}},"loc":{"start":{"line":94,"column":63},"end":{"line":106,"column":9}},"line":94},"11":{"name":"(anonymous_11)","decl":{"start":{"line":96,"column":39},"end":{"line":96,"column":40}},"loc":{"start":{"line":96,"column":48},"end":{"line":98,"column":13}},"line":96},"12":{"name":"(anonymous_12)","decl":{"start":{"line":105,"column":35},"end":{"line":105,"column":36}},"loc":{"start":{"line":105,"column":40},"end":{"line":105,"column":59}},"line":105},"13":{"name":"(anonymous_13)","decl":{"start":{"line":107,"column":15},"end":{"line":107,"column":16}},"loc":{"start":{"line":107,"column":21},"end":{"line":107,"column":34}},"line":107},"14":{"name":"(anonymous_14)","decl":{"start":{"line":118,"column":23},"end":{"line":118,"column":24}},"loc":{"start":{"line":118,"column":44},"end":{"line":132,"column":5}},"line":118},"15":{"name":"(anonymous_15)","decl":{"start":{"line":134,"column":33},"end":{"line":134,"column":34}},"loc":{"start":{"line":134,"column":78},"end":{"line":145,"column":5}},"line":134},"16":{"name":"(anonymous_16)","decl":{"start":{"line":178,"column":23},"end":{"line":178,"column":24}},"loc":{"start":{"line":179,"column":8},"end":{"line":200,"column":20}},"line":179},"17":{"name":"(anonymous_17)","decl":{"start":{"line":181,"column":21},"end":{"line":181,"column":22}},"loc":{"start":{"line":181,"column":27},"end":{"line":188,"column":13}},"line":181},"18":{"name":"(anonymous_18)","decl":{"start":{"line":206,"column":34},"end":{"line":206,"column":35}},"loc":{"start":{"line":206,"column":46},"end":{"line":207,"column":44}},"line":206},"19":{"name":"(anonymous_19)","decl":{"start":{"line":208,"column":26},"end":{"line":208,"column":27}},"loc":{"start":{"line":208,"column":36},"end":{"line":208,"column":43}},"line":208}},"branchMap":{"0":{"loc":{"start":{"line":62,"column":8},"end":{"line":87,"column":9}},"type":"if","locations":[{"start":{"line":62,"column":8},"end":{"line":87,"column":9}},{"start":{},"end":{}}],"line":62}},"s":{"0":0,"1":0,"2":0,"3":0,"4":0,"5":0,"6":0,"7":0,"8":0,"9":0,"10":0,"11":0,"12":0,"13":0,"14":0,"15":0,"16":0,"17":0,"18":0,"19":0,"20":0,"21":0,"22":0,"23":0,"24":0,"25":0,"26":0,"27":0,"28":0,"29":0,"30":0,"31":0,"32":0,"33":0,"34":0,"35":0,"36":0,"37":0,"38":0,"39":0,"40":0,"41":0,"42":0,"43":0,"44":0,"45":0,"46":0,"47":0,"48":0,"49":0,"50":0,"51":0,"52":0,"53":0,"54":0,"55":0,"56":0,"57":0,"58":0,"59":0,"60":0,"61":0,"62":0,"63":0,"64":0,"65":0,"66":0,"67":0},"f":{"0":0,"1":0,"2":0,"3":0,"4":0,"5":0,"6":0,"7":0,"8":0,"9":0,"10":0,"11":0,"12":0,"13":0,"14":0,"15":0,"16":0,"17":0,"18":0,"19":0},"b":{"0":[0,0]}}
,"/Users/geraldcraig/Repos/FamilyChatApp/screens/Gallery.js": {"path":"/Users/geraldcraig/Repos/FamilyChatApp/screens/Gallery.js","statementMap":{},"fnMap":{},"branchMap":{},"s":{},"f":{},"b":{}}
,"/Users/geraldcraig/Repos/FamilyChatApp/screens/GalleryScreen.js": {"path":"/Users/geraldcraig/Repos/FamilyChatApp/screens/GalleryScreen.js","statementMap":{"0":{"start":{"line":9,"column":16},"end":{"line":9,"column":28}},"1":{"start":{"line":15,"column":30},"end":{"line":15,"column":44}},"2":{"start":{"line":38,"column":4},"end":{"line":59,"column":10}},"3":{"start":{"line":40,"column":24},"end":{"line":40,"column":46}},"4":{"start":{"line":43,"column":8},"end":{"line":56,"column":11}},"5":{"start":{"line":45,"column":16},"end":{"line":48,"column":19}},"6":{"start":{"line":49,"column":16},"end":{"line":53,"column":19}},"7":{"start":{"line":51,"column":24},"end":{"line":51,"column":50}},"8":{"start":{"line":62,"column":22},"end":{"line":79,"column":5}},"9":{"start":{"line":64,"column":21},"end":{"line":69,"column":10}},"10":{"start":{"line":71,"column":8},"end":{"line":71,"column":28}},"11":{"start":{"line":73,"column":8},"end":{"line":76,"column":9}},"12":{"start":{"line":74,"column":12},"end":{"line":74,"column":43}},"13":{"start":{"line":75,"column":12},"end":{"line":75,"column":32}},"14":{"start":{"line":78,"column":8},"end":{"line":78,"column":53}},"15":{"start":{"line":84,"column":21},"end":{"line":96,"column":10}},"16":{"start":{"line":85,"column":24},"end":{"line":85,"column":44}},"17":{"start":{"line":86,"column":12},"end":{"line":88,"column":14}},"18":{"start":{"line":87,"column":16},"end":{"line":87,"column":38}},"19":{"start":{"line":89,"column":12},"end":{"line":92,"column":14}},"20":{"start":{"line":90,"column":16},"end":{"line":90,"column":31}},"21":{"start":{"line":91,"column":16},"end":{"line":91,"column":64}},"22":{"start":{"line":93,"column":12},"end":{"line":93,"column":38}},"23":{"start":{"line":94,"column":12},"end":{"line":94,"column":39}},"24":{"start":{"line":95,"column":12},"end":{"line":95,"column":27}},"25":{"start":{"line":98,"column":24},"end":{"line":98,"column":52}},"26":{"start":{"line":99,"column":23},"end":{"line":99,"column":55}},"27":{"start":{"line":102,"column":8},"end":{"line":102,"column":21}},"28":{"start":{"line":104,"column":8},"end":{"line":104,"column":45}},"29":{"start":{"line":107,"column":4},"end":{"line":112,"column":6}},"30":{"start":{"line":115,"column":15},"end":{"line":125,"column":2}}},"fnMap":{"0":{"name":"ImagePickerExample","decl":{"start":{"line":14,"column":24},"end":{"line":14,"column":42}},"loc":{"start":{"line":14,"column":45},"end":{"line":113,"column":1}},"line":14},"1":{"name":"(anonymous_1)","decl":{"start":{"line":38,"column":14},"end":{"line":38,"column":15}},"loc":{"start":{"line":38,"column":20},"end":{"line":59,"column":5}},"line":38},"2":{"name":"(anonymous_2)","decl":{"start":{"line":44,"column":18},"end":{"line":44,"column":19}},"loc":{"start":{"line":44,"column":27},"end":{"line":54,"column":13}},"line":44},"3":{"name":"(anonymous_3)","decl":{"start":{"line":45,"column":37},"end":{"line":45,"column":38}},"loc":{"start":{"line":45,"column":52},"end":{"line":48,"column":17}},"line":45},"4":{"name":"(anonymous_4)","decl":{"start":{"line":49,"column":34},"end":{"line":49,"column":35}},"loc":{"start":{"line":49,"column":47},"end":{"line":53,"column":17}},"line":49},"5":{"name":"(anonymous_5)","decl":{"start":{"line":54,"column":21},"end":{"line":54,"column":22}},"loc":{"start":{"line":54,"column":32},"end":{"line":56,"column":9}},"line":54},"6":{"name":"(anonymous_6)","decl":{"start":{"line":62,"column":22},"end":{"line":62,"column":23}},"loc":{"start":{"line":62,"column":34},"end":{"line":79,"column":5}},"line":62},"7":{"name":"uploadImageAsync","decl":{"start":{"line":81,"column":19},"end":{"line":81,"column":35}},"loc":{"start":{"line":81,"column":41},"end":{"line":105,"column":5}},"line":81},"8":{"name":"(anonymous_8)","decl":{"start":{"line":84,"column":39},"end":{"line":84,"column":40}},"loc":{"start":{"line":84,"column":60},"end":{"line":96,"column":9}},"line":84},"9":{"name":"(anonymous_9)","decl":{"start":{"line":86,"column":25},"end":{"line":86,"column":26}},"loc":{"start":{"line":86,"column":37},"end":{"line":88,"column":13}},"line":86},"10":{"name":"(anonymous_10)","decl":{"start":{"line":89,"column":26},"end":{"line":89,"column":27}},"loc":{"start":{"line":89,"column":39},"end":{"line":92,"column":13}},"line":89}},"branchMap":{"0":{"loc":{"start":{"line":73,"column":8},"end":{"line":76,"column":9}},"type":"if","locations":[{"start":{"line":73,"column":8},"end":{"line":76,"column":9}},{"start":{},"end":{}}],"line":73},"1":{"loc":{"start":{"line":110,"column":13},"end":{"line":110,"column":73}},"type":"binary-expr","locations":[{"start":{"line":110,"column":13},"end":{"line":110,"column":18}},{"start":{"line":110,"column":22},"end":{"line":110,"column":73}}],"line":110}},"s":{"0":0,"1":0,"2":0,"3":0,"4":0,"5":0,"6":0,"7":0,"8":0,"9":0,"10":0,"11":0,"12":0,"13":0,"14":0,"15":0,"16":0,"17":0,"18":0,"19":0,"20":0,"21":0,"22":0,"23":0,"24":0,"25":0,"26":0,"27":0,"28":0,"29":0,"30":0},"f":{"0":0,"1":0,"2":0,"3":0,"4":0,"5":0,"6":0,"7":0,"8":0,"9":0,"10":0},"b":{"0":[0,0],"1":[0,0]}}
,"/Users/geraldcraig/Repos/FamilyChatApp/screens/GalleryScreenCopy.js": {"path":"/Users/geraldcraig/Repos/FamilyChatApp/screens/GalleryScreenCopy.js","statementMap":{"0":{"start":{"line":11,"column":44},"end":{"line":11,"column":56}},"1":{"start":{"line":14,"column":29},"end":{"line":42,"column":5}},"2":{"start":{"line":17,"column":21},"end":{"line":29,"column":10}},"3":{"start":{"line":18,"column":24},"end":{"line":18,"column":44}},"4":{"start":{"line":19,"column":12},"end":{"line":21,"column":14}},"5":{"start":{"line":20,"column":16},"end":{"line":20,"column":38}},"6":{"start":{"line":22,"column":12},"end":{"line":25,"column":14}},"7":{"start":{"line":23,"column":16},"end":{"line":23,"column":31}},"8":{"start":{"line":24,"column":16},"end":{"line":24,"column":64}},"9":{"start":{"line":26,"column":12},"end":{"line":26,"column":38}},"10":{"start":{"line":27,"column":12},"end":{"line":27,"column":39}},"11":{"start":{"line":28,"column":12},"end":{"line":28,"column":27}},"12":{"start":{"line":31,"column":24},"end":{"line":31,"column":52}},"13":{"start":{"line":32,"column":23},"end":{"line":32,"column":55}},"14":{"start":{"line":35,"column":8},"end":{"line":35,"column":21}},"15":{"start":{"line":37,"column":8},"end":{"line":37,"column":169}},"16":{"start":{"line":41,"column":8},"end":{"line":41,"column":45}},"17":{"start":{"line":44,"column":34},"end":{"line":53,"column":5}},"18":{"start":{"line":45,"column":8},"end":{"line":50,"column":9}},"19":{"start":{"line":46,"column":37},"end":{"line":46,"column":92}},"20":{"start":{"line":47,"column":12},"end":{"line":49,"column":13}},"21":{"start":{"line":48,"column":16},"end":{"line":48,"column":82}},"22":{"start":{"line":52,"column":8},"end":{"line":52,"column":33}},"23":{"start":{"line":55,"column":30},"end":{"line":69,"column":5}},"24":{"start":{"line":56,"column":8},"end":{"line":56,"column":38}},"25":{"start":{"line":58,"column":23},"end":{"line":63,"column":10}},"26":{"start":{"line":65,"column":8},"end":{"line":68,"column":9}},"27":{"start":{"line":66,"column":12},"end":{"line":66,"column":66}},"28":{"start":{"line":67,"column":12},"end":{"line":67,"column":40}},"29":{"start":{"line":82,"column":20},"end":{"line":82,"column":45}},"30":{"start":{"line":84,"column":8},"end":{"line":84,"column":34}},"31":{"start":{"line":86,"column":8},"end":{"line":86,"column":36}},"32":{"start":{"line":89,"column":4},"end":{"line":104,"column":6}},"33":{"start":{"line":95,"column":28},"end":{"line":95,"column":89}},"34":{"start":{"line":107,"column":15},"end":{"line":132,"column":2}}},"fnMap":{"0":{"name":"App","decl":{"start":{"line":10,"column":24},"end":{"line":10,"column":27}},"loc":{"start":{"line":10,"column":30},"end":{"line":105,"column":1}},"line":10},"1":{"name":"(anonymous_1)","decl":{"start":{"line":14,"column":29},"end":{"line":14,"column":30}},"loc":{"start":{"line":14,"column":44},"end":{"line":42,"column":5}},"line":14},"2":{"name":"(anonymous_2)","decl":{"start":{"line":17,"column":39},"end":{"line":17,"column":40}},"loc":{"start":{"line":17,"column":60},"end":{"line":29,"column":9}},"line":17},"3":{"name":"(anonymous_3)","decl":{"start":{"line":19,"column":25},"end":{"line":19,"column":26}},"loc":{"start":{"line":19,"column":37},"end":{"line":21,"column":13}},"line":19},"4":{"name":"(anonymous_4)","decl":{"start":{"line":22,"column":26},"end":{"line":22,"column":27}},"loc":{"start":{"line":22,"column":39},"end":{"line":25,"column":13}},"line":22},"5":{"name":"(anonymous_5)","decl":{"start":{"line":44,"column":34},"end":{"line":44,"column":35}},"loc":{"start":{"line":44,"column":46},"end":{"line":53,"column":5}},"line":44},"6":{"name":"(anonymous_6)","decl":{"start":{"line":55,"column":30},"end":{"line":55,"column":31}},"loc":{"start":{"line":55,"column":42},"end":{"line":69,"column":5}},"line":55},"7":{"name":"pickImage","decl":{"start":{"line":72,"column":19},"end":{"line":72,"column":28}},"loc":{"start":{"line":72,"column":31},"end":{"line":87,"column":5}},"line":72},"8":{"name":"(anonymous_8)","decl":{"start":{"line":94,"column":174},"end":{"line":94,"column":175}},"loc":{"start":{"line":95,"column":28},"end":{"line":95,"column":89}},"line":95}},"branchMap":{"0":{"loc":{"start":{"line":45,"column":8},"end":{"line":50,"column":9}},"type":"if","locations":[{"start":{"line":45,"column":8},"end":{"line":50,"column":9}},{"start":{},"end":{}}],"line":45},"1":{"loc":{"start":{"line":47,"column":12},"end":{"line":49,"column":13}},"type":"if","locations":[{"start":{"line":47,"column":12},"end":{"line":49,"column":13}},{"start":{},"end":{}}],"line":47},"2":{"loc":{"start":{"line":65,"column":8},"end":{"line":68,"column":9}},"type":"if","locations":[{"start":{"line":65,"column":8},"end":{"line":68,"column":9}},{"start":{},"end":{}}],"line":65}},"s":{"0":0,"1":0,"2":0,"3":0,"4":0,"5":0,"6":0,"7":0,"8":0,"9":0,"10":0,"11":0,"12":0,"13":0,"14":0,"15":0,"16":0,"17":0,"18":0,"19":0,"20":0,"21":0,"22":0,"23":0,"24":0,"25":0,"26":0,"27":0,"28":0,"29":0,"30":0,"31":0,"32":0,"33":0,"34":0},"f":{"0":0,"1":0,"2":0,"3":0,"4":0,"5":0,"6":0,"7":0,"8":0},"b":{"0":[0,0],"1":[0,0],"2":[0,0]}}
,"/Users/geraldcraig/Repos/FamilyChatApp/screens/GroupsScreen.js": {"path":"/Users/geraldcraig/Repos/FamilyChatApp/screens/GroupsScreen.js","statementMap":{"0":{"start":{"line":3,"column":21},"end":{"line":9,"column":1}},"1":{"start":{"line":4,"column":4},"end":{"line":8,"column":6}},"2":{"start":{"line":11,"column":15},"end":{"line":17,"column":2}}},"fnMap":{"0":{"name":"(anonymous_0)","decl":{"start":{"line":3,"column":21},"end":{"line":3,"column":22}},"loc":{"start":{"line":3,"column":27},"end":{"line":9,"column":1}},"line":3}},"branchMap":{},"s":{"0":0,"1":0,"2":0},"f":{"0":0},"b":{}}
,"/Users/geraldcraig/Repos/FamilyChatApp/screens/NewChatScreen.js": {"path":"/Users/geraldcraig/Repos/FamilyChatApp/screens/NewChatScreen.js","statementMap":{"0":{"start":{"line":19,"column":22},"end":{"line":167,"column":1}},"1":{"start":{"line":20,"column":36},"end":{"line":20,"column":48}},"2":{"start":{"line":21,"column":30},"end":{"line":21,"column":42}},"3":{"start":{"line":22,"column":40},"end":{"line":22,"column":52}},"4":{"start":{"line":23,"column":85},"end":{"line":23,"column":97}},"5":{"start":{"line":24,"column":21},"end":{"line":24,"column":37}},"6":{"start":{"line":25,"column":19},"end":{"line":25,"column":27}},"7":{"start":{"line":26,"column":29},"end":{"line":26,"column":79}},"8":{"start":{"line":28,"column":24},"end":{"line":30,"column":5}},"9":{"start":{"line":29,"column":8},"end":{"line":29,"column":20}},"10":{"start":{"line":31,"column":4},"end":{"line":33,"column":11}},"11":{"start":{"line":32,"column":8},"end":{"line":32,"column":60}},"12":{"start":{"line":32,"column":32},"end":{"line":32,"column":58}},"13":{"start":{"line":44,"column":23},"end":{"line":50,"column":10}},"14":{"start":{"line":51,"column":8},"end":{"line":51,"column":33}},"15":{"start":{"line":52,"column":8},"end":{"line":52,"column":62}},"16":{"start":{"line":56,"column":18},"end":{"line":56,"column":102}},"17":{"start":{"line":58,"column":30},"end":{"line":58,"column":46}},"18":{"start":{"line":59,"column":8},"end":{"line":62,"column":11}},"19":{"start":{"line":61,"column":12},"end":{"line":61,"column":52}},"20":{"start":{"line":71,"column":27},"end":{"line":77,"column":5}},"21":{"start":{"line":72,"column":24},"end":{"line":72,"column":48}},"22":{"start":{"line":73,"column":8},"end":{"line":75,"column":11}},"23":{"start":{"line":76,"column":8},"end":{"line":76,"column":37}},"24":{"start":{"line":124,"column":4},"end":{"line":166,"column":6}},"25":{"start":{"line":169,"column":15},"end":{"line":217,"column":2}}},"fnMap":{"0":{"name":"(anonymous_0)","decl":{"start":{"line":19,"column":22},"end":{"line":19,"column":23}},"loc":{"start":{"line":19,"column":47},"end":{"line":167,"column":1}},"line":19},"1":{"name":"(anonymous_1)","decl":{"start":{"line":28,"column":24},"end":{"line":28,"column":25}},"loc":{"start":{"line":28,"column":30},"end":{"line":30,"column":5}},"line":28},"2":{"name":"(anonymous_2)","decl":{"start":{"line":31,"column":14},"end":{"line":31,"column":15}},"loc":{"start":{"line":31,"column":20},"end":{"line":33,"column":5}},"line":31},"3":{"name":"(anonymous_3)","decl":{"start":{"line":32,"column":27},"end":{"line":32,"column":28}},"loc":{"start":{"line":32,"column":32},"end":{"line":32,"column":58}},"line":32},"4":{"name":"addChatRoom","decl":{"start":{"line":43,"column":19},"end":{"line":43,"column":30}},"loc":{"start":{"line":43,"column":33},"end":{"line":53,"column":5}},"line":43},"5":{"name":"getData","decl":{"start":{"line":55,"column":19},"end":{"line":55,"column":26}},"loc":{"start":{"line":55,"column":29},"end":{"line":63,"column":5}},"line":55},"6":{"name":"(anonymous_6)","decl":{"start":{"line":59,"column":30},"end":{"line":59,"column":31}},"loc":{"start":{"line":59,"column":39},"end":{"line":62,"column":9}},"line":59},"7":{"name":"(anonymous_7)","decl":{"start":{"line":71,"column":27},"end":{"line":71,"column":28}},"loc":{"start":{"line":71,"column":39},"end":{"line":77,"column":5}},"line":71}},"branchMap":{},"s":{"0":0,"1":0,"2":0,"3":0,"4":0,"5":0,"6":0,"7":0,"8":0,"9":0,"10":0,"11":0,"12":0,"13":0,"14":0,"15":0,"16":0,"17":0,"18":0,"19":0,"20":0,"21":0,"22":0,"23":0,"24":0,"25":0},"f":{"0":0,"1":0,"2":0,"3":0,"4":0,"5":0,"6":0,"7":0},"b":{}}
,"/Users/geraldcraig/Repos/FamilyChatApp/screens/SettingsScreen.js": {"path":"/Users/geraldcraig/Repos/FamilyChatApp/screens/SettingsScreen.js","statementMap":{"0":{"start":{"line":10,"column":23},"end":{"line":118,"column":1}},"1":{"start":{"line":11,"column":38},"end":{"line":11,"column":50}},"2":{"start":{"line":12,"column":36},"end":{"line":12,"column":48}},"3":{"start":{"line":13,"column":30},"end":{"line":13,"column":42}},"4":{"start":{"line":14,"column":30},"end":{"line":14,"column":42}},"5":{"start":{"line":15,"column":25},"end":{"line":15,"column":41}},"6":{"start":{"line":17,"column":21},"end":{"line":17,"column":37}},"7":{"start":{"line":19,"column":4},"end":{"line":21,"column":11}},"8":{"start":{"line":20,"column":8},"end":{"line":20,"column":54}},"9":{"start":{"line":20,"column":32},"end":{"line":20,"column":52}},"10":{"start":{"line":42,"column":8},"end":{"line":59,"column":9}},"11":{"start":{"line":43,"column":28},"end":{"line":43,"column":32}},"12":{"start":{"line":44,"column":28},"end":{"line":44,"column":51}},"13":{"start":{"line":45,"column":29},"end":{"line":45,"column":50}},"14":{"start":{"line":47,"column":12},"end":{"line":56,"column":13}},"15":{"start":{"line":48,"column":29},"end":{"line":48,"column":44}},"16":{"start":{"line":49,"column":16},"end":{"line":49,"column":43}},"17":{"start":{"line":50,"column":16},"end":{"line":50,"column":45}},"18":{"start":{"line":51,"column":16},"end":{"line":51,"column":43}},"19":{"start":{"line":52,"column":16},"end":{"line":52,"column":37}},"20":{"start":{"line":53,"column":16},"end":{"line":53,"column":37}},"21":{"start":{"line":55,"column":16},"end":{"line":55,"column":49}},"22":{"start":{"line":58,"column":12},"end":{"line":58,"column":33}},"23":{"start":{"line":62,"column":26},"end":{"line":73,"column":5}},"24":{"start":{"line":63,"column":8},"end":{"line":72,"column":15}},"25":{"start":{"line":65,"column":16},"end":{"line":65,"column":45}},"26":{"start":{"line":66,"column":16},"end":{"line":66,"column":46}},"27":{"start":{"line":67,"column":16},"end":{"line":67,"column":46}},"28":{"start":{"line":69,"column":37},"end":{"line":69,"column":50}},"29":{"start":{"line":70,"column":16},"end":{"line":70,"column":60}},"30":{"start":{"line":71,"column":16},"end":{"line":71,"column":53}},"31":{"start":{"line":75,"column":4},"end":{"line":117,"column":6}},"32":{"start":{"line":86,"column":41},"end":{"line":86,"column":62}},"33":{"start":{"line":92,"column":41},"end":{"line":92,"column":61}},"34":{"start":{"line":99,"column":41},"end":{"line":99,"column":58}},"35":{"start":{"line":106,"column":41},"end":{"line":106,"column":58}},"36":{"start":{"line":110,"column":16},"end":{"line":110,"column":55}},"37":{"start":{"line":111,"column":16},"end":{"line":111,"column":53}},"38":{"start":{"line":112,"column":16},"end":{"line":112,"column":46}},"39":{"start":{"line":113,"column":16},"end":{"line":113,"column":45}},"40":{"start":{"line":120,"column":15},"end":{"line":143,"column":2}}},"fnMap":{"0":{"name":"(anonymous_0)","decl":{"start":{"line":10,"column":23},"end":{"line":10,"column":24}},"loc":{"start":{"line":10,"column":43},"end":{"line":118,"column":1}},"line":10},"1":{"name":"(anonymous_1)","decl":{"start":{"line":19,"column":14},"end":{"line":19,"column":15}},"loc":{"start":{"line":19,"column":20},"end":{"line":21,"column":5}},"line":19},"2":{"name":"(anonymous_2)","decl":{"start":{"line":20,"column":27},"end":{"line":20,"column":28}},"loc":{"start":{"line":20,"column":32},"end":{"line":20,"column":52}},"line":20},"3":{"name":"getUserData","decl":{"start":{"line":41,"column":19},"end":{"line":41,"column":30}},"loc":{"start":{"line":41,"column":33},"end":{"line":60,"column":5}},"line":41},"4":{"name":"(anonymous_4)","decl":{"start":{"line":62,"column":26},"end":{"line":62,"column":27}},"loc":{"start":{"line":62,"column":32},"end":{"line":73,"column":5}},"line":62},"5":{"name":"(anonymous_5)","decl":{"start":{"line":64,"column":18},"end":{"line":64,"column":19}},"loc":{"start":{"line":64,"column":24},"end":{"line":68,"column":13}},"line":64},"6":{"name":"(anonymous_6)","decl":{"start":{"line":68,"column":21},"end":{"line":68,"column":22}},"loc":{"start":{"line":68,"column":32},"end":{"line":72,"column":13}},"line":68},"7":{"name":"(anonymous_7)","decl":{"start":{"line":86,"column":30},"end":{"line":86,"column":31}},"loc":{"start":{"line":86,"column":41},"end":{"line":86,"column":62}},"line":86},"8":{"name":"(anonymous_8)","decl":{"start":{"line":92,"column":30},"end":{"line":92,"column":31}},"loc":{"start":{"line":92,"column":41},"end":{"line":92,"column":61}},"line":92},"9":{"name":"(anonymous_9)","decl":{"start":{"line":99,"column":30},"end":{"line":99,"column":31}},"loc":{"start":{"line":99,"column":41},"end":{"line":99,"column":58}},"line":99},"10":{"name":"(anonymous_10)","decl":{"start":{"line":106,"column":30},"end":{"line":106,"column":31}},"loc":{"start":{"line":106,"column":41},"end":{"line":106,"column":58}},"line":106},"11":{"name":"(anonymous_11)","decl":{"start":{"line":109,"column":42},"end":{"line":109,"column":43}},"loc":{"start":{"line":109,"column":48},"end":{"line":114,"column":13}},"line":109}},"branchMap":{"0":{"loc":{"start":{"line":47,"column":12},"end":{"line":56,"column":13}},"type":"if","locations":[{"start":{"line":47,"column":12},"end":{"line":56,"column":13}},{"start":{"line":54,"column":19},"end":{"line":56,"column":13}}],"line":47}},"s":{"0":0,"1":0,"2":0,"3":0,"4":0,"5":0,"6":0,"7":0,"8":0,"9":0,"10":0,"11":0,"12":0,"13":0,"14":0,"15":0,"16":0,"17":0,"18":0,"19":0,"20":0,"21":0,"22":0,"23":0,"24":0,"25":0,"26":0,"27":0,"28":0,"29":0,"30":0,"31":0,"32":0,"33":0,"34":0,"35":0,"36":0,"37":0,"38":0,"39":0,"40":0},"f":{"0":0,"1":0,"2":0,"3":0,"4":0,"5":0,"6":0,"7":0,"8":0,"9":0,"10":0,"11":0},"b":{"0":[0,0]}}
,"/Users/geraldcraig/Repos/FamilyChatApp/screens/SignInScreen.js": {"path":"/Users/geraldcraig/Repos/FamilyChatApp/screens/SignInScreen.js","statementMap":{"0":{"start":{"line":7,"column":21},"end":{"line":59,"column":1}},"1":{"start":{"line":8,"column":30},"end":{"line":8,"column":42}},"2":{"start":{"line":9,"column":36},"end":{"line":9,"column":48}},"3":{"start":{"line":10,"column":25},"end":{"line":10,"column":41}},"4":{"start":{"line":12,"column":25},"end":{"line":24,"column":5}},"5":{"start":{"line":13,"column":8},"end":{"line":23,"column":15}},"6":{"start":{"line":15,"column":29},"end":{"line":15,"column":48}},"7":{"start":{"line":16,"column":16},"end":{"line":16,"column":74}},"8":{"start":{"line":17,"column":16},"end":{"line":17,"column":67}},"9":{"start":{"line":18,"column":16},"end":{"line":18,"column":43}},"10":{"start":{"line":21,"column":37},"end":{"line":21,"column":50}},"11":{"start":{"line":22,"column":16},"end":{"line":22,"column":59}},"12":{"start":{"line":38,"column":4},"end":{"line":58,"column":6}},"13":{"start":{"line":44,"column":43},"end":{"line":44,"column":60}},"14":{"start":{"line":52,"column":43},"end":{"line":52,"column":63}},"15":{"start":{"line":56,"column":57},"end":{"line":56,"column":86}},"16":{"start":{"line":61,"column":15},"end":{"line":76,"column":2}}},"fnMap":{"0":{"name":"(anonymous_0)","decl":{"start":{"line":7,"column":21},"end":{"line":7,"column":22}},"loc":{"start":{"line":7,"column":41},"end":{"line":59,"column":1}},"line":7},"1":{"name":"(anonymous_1)","decl":{"start":{"line":12,"column":25},"end":{"line":12,"column":26}},"loc":{"start":{"line":12,"column":31},"end":{"line":24,"column":5}},"line":12},"2":{"name":"(anonymous_2)","decl":{"start":{"line":14,"column":18},"end":{"line":14,"column":19}},"loc":{"start":{"line":14,"column":38},"end":{"line":19,"column":13}},"line":14},"3":{"name":"(anonymous_3)","decl":{"start":{"line":20,"column":19},"end":{"line":20,"column":20}},"loc":{"start":{"line":20,"column":30},"end":{"line":23,"column":13}},"line":20},"4":{"name":"(anonymous_4)","decl":{"start":{"line":44,"column":30},"end":{"line":44,"column":31}},"loc":{"start":{"line":44,"column":43},"end":{"line":44,"column":60}},"line":44},"5":{"name":"(anonymous_5)","decl":{"start":{"line":52,"column":30},"end":{"line":52,"column":31}},"loc":{"start":{"line":52,"column":43},"end":{"line":52,"column":63}},"line":52},"6":{"name":"(anonymous_6)","decl":{"start":{"line":56,"column":51},"end":{"line":56,"column":52}},"loc":{"start":{"line":56,"column":57},"end":{"line":56,"column":86}},"line":56}},"branchMap":{},"s":{"0":0,"1":0,"2":0,"3":0,"4":0,"5":0,"6":0,"7":0,"8":0,"9":0,"10":0,"11":0,"12":0,"13":0,"14":0,"15":0,"16":0},"f":{"0":0,"1":0,"2":0,"3":0,"4":0,"5":0,"6":0},"b":{}}
,"/Users/geraldcraig/Repos/FamilyChatApp/screens/SignUpScreen.js": {"path":"/Users/geraldcraig/Repos/FamilyChatApp/screens/SignUpScreen.js","statementMap":{"0":{"start":{"line":8,"column":21},"end":{"line":97,"column":1}},"1":{"start":{"line":9,"column":38},"end":{"line":9,"column":50}},"2":{"start":{"line":10,"column":36},"end":{"line":10,"column":48}},"3":{"start":{"line":11,"column":30},"end":{"line":11,"column":42}},"4":{"start":{"line":12,"column":36},"end":{"line":12,"column":48}},"5":{"start":{"line":13,"column":25},"end":{"line":13,"column":41}},"6":{"start":{"line":30,"column":25},"end":{"line":45,"column":5}},"7":{"start":{"line":31,"column":8},"end":{"line":44,"column":9}},"8":{"start":{"line":32,"column":27},"end":{"line":32,"column":86}},"9":{"start":{"line":33,"column":28},"end":{"line":33,"column":39}},"10":{"start":{"line":34,"column":12},"end":{"line":34,"column":62}},"11":{"start":{"line":36,"column":29},"end":{"line":36,"column":78}},"12":{"start":{"line":38,"column":12},"end":{"line":38,"column":59}},"13":{"start":{"line":39,"column":12},"end":{"line":39,"column":48}},"14":{"start":{"line":40,"column":12},"end":{"line":40,"column":39}},"15":{"start":{"line":42,"column":33},"end":{"line":42,"column":46}},"16":{"start":{"line":43,"column":12},"end":{"line":43,"column":55}},"17":{"start":{"line":47,"column":23},"end":{"line":62,"column":5}},"18":{"start":{"line":48,"column":25},"end":{"line":55,"column":9}},"19":{"start":{"line":57,"column":24},"end":{"line":57,"column":48}},"20":{"start":{"line":59,"column":8},"end":{"line":59,"column":40}},"21":{"start":{"line":61,"column":8},"end":{"line":61,"column":24}},"22":{"start":{"line":64,"column":4},"end":{"line":96,"column":6}},"23":{"start":{"line":69,"column":43},"end":{"line":69,"column":64}},"24":{"start":{"line":75,"column":43},"end":{"line":75,"column":63}},"25":{"start":{"line":82,"column":43},"end":{"line":82,"column":60}},"26":{"start":{"line":90,"column":43},"end":{"line":90,"column":63}},"27":{"start":{"line":94,"column":57},"end":{"line":94,"column":86}},"28":{"start":{"line":99,"column":15},"end":{"line":114,"column":2}}},"fnMap":{"0":{"name":"(anonymous_0)","decl":{"start":{"line":8,"column":21},"end":{"line":8,"column":22}},"loc":{"start":{"line":8,"column":41},"end":{"line":97,"column":1}},"line":8},"1":{"name":"(anonymous_1)","decl":{"start":{"line":30,"column":25},"end":{"line":30,"column":26}},"loc":{"start":{"line":30,"column":37},"end":{"line":45,"column":5}},"line":30},"2":{"name":"(anonymous_2)","decl":{"start":{"line":47,"column":23},"end":{"line":47,"column":24}},"loc":{"start":{"line":47,"column":69},"end":{"line":62,"column":5}},"line":47},"3":{"name":"(anonymous_3)","decl":{"start":{"line":69,"column":30},"end":{"line":69,"column":31}},"loc":{"start":{"line":69,"column":43},"end":{"line":69,"column":64}},"line":69},"4":{"name":"(anonymous_4)","decl":{"start":{"line":75,"column":30},"end":{"line":75,"column":31}},"loc":{"start":{"line":75,"column":43},"end":{"line":75,"column":63}},"line":75},"5":{"name":"(anonymous_5)","decl":{"start":{"line":82,"column":30},"end":{"line":82,"column":31}},"loc":{"start":{"line":82,"column":43},"end":{"line":82,"column":60}},"line":82},"6":{"name":"(anonymous_6)","decl":{"start":{"line":90,"column":30},"end":{"line":90,"column":31}},"loc":{"start":{"line":90,"column":43},"end":{"line":90,"column":63}},"line":90},"7":{"name":"(anonymous_7)","decl":{"start":{"line":94,"column":51},"end":{"line":94,"column":52}},"loc":{"start":{"line":94,"column":57},"end":{"line":94,"column":86}},"line":94}},"branchMap":{},"s":{"0":0,"1":0,"2":0,"3":0,"4":0,"5":0,"6":0,"7":0,"8":0,"9":0,"10":0,"11":0,"12":0,"13":0,"14":0,"15":0,"16":0,"17":0,"18":0,"19":0,"20":0,"21":0,"22":0,"23":0,"24":0,"25":0,"26":0,"27":0,"28":0},"f":{"0":0,"1":0,"2":0,"3":0,"4":0,"5":0,"6":0,"7":0},"b":{}}
}
