TN:
SF:App.js
FN:6,App
FNF:1
FNH:0
FNDA:0,App
DA:7,0
DA:14,0
LF:2
LH:0
BRF:0
BRH:0
end_of_record
TN:
SF:App2.js
FN:31,TabNavigation
FN:38,(anonymous_1)
FN:47,(anonymous_2)
FN:56,(anonymous_3)
FN:65,(anonymous_4)
FN:68,(anonymous_5)
FN:70,(anonymous_6)
FN:83,(anonymous_7)
FN:92,App
FNF:9
FNH:0
FNDA:0,TabNavigation
FNDA:0,(anonymous_1)
FNDA:0,(anonymous_2)
FNDA:0,(anonymous_3)
FNDA:0,(anonymous_4)
FNDA:0,(anonymous_5)
FNDA:0,(anonymous_6)
FNDA:0,(anonymous_7)
FNDA:0,App
DA:24,0
DA:25,0
DA:32,0
DA:39,0
DA:48,0
DA:57,0
DA:66,0
DA:69,0
DA:70,0
DA:84,0
DA:95,0
DA:138,0
LF:12
LH:0
BRF:0
BRH:0
end_of_record
TN:
SF:firebaseConfig.js
FNF:0
FNH:0
DA:16,0
DA:26,0
DA:28,0
DA:32,0
DA:34,0
LF:5
LH:0
BRF:0
BRH:0
end_of_record
TN:
SF:metro.config.js
FNF:0
FNH:0
DA:1,0
DA:3,0
DA:5,0
DA:7,0
LF:4
LH:0
BRF:0
BRH:0
end_of_record
TN:
SF:.expo/metro/polyfill.js
FN:1,(anonymous_0)
FNF:1
FNH:0
FNDA:0,(anonymous_0)
DA:1,0
LF:1
LH:0
BRDA:1,0,0,0
BRDA:1,0,1,0
BRF:2
BRH:0
end_of_record
TN:
SF:.expo/metro/polyfill.native.js
FN:1,(anonymous_0)
FNF:1
FNH:0
FNDA:0,(anonymous_0)
DA:1,0
LF:1
LH:0
BRF:0
BRH:0
end_of_record
TN:
SF:.expo/metro/externals/assert/index.js
FNF:0
FNH:0
DA:1,0
LF:1
LH:0
BRF:0
BRH:0
end_of_record
TN:
SF:.expo/metro/externals/async_hooks/index.js
FNF:0
FNH:0
DA:1,0
LF:1
LH:0
BRF:0
BRH:0
end_of_record
TN:
SF:.expo/metro/externals/buffer/index.js
FNF:0
FNH:0
DA:1,0
LF:1
LH:0
BRF:0
BRH:0
end_of_record
TN:
SF:.expo/metro/externals/child_process/index.js
FNF:0
FNH:0
DA:1,0
LF:1
LH:0
BRF:0
BRH:0
end_of_record
TN:
SF:.expo/metro/externals/cluster/index.js
FNF:0
FNH:0
DA:1,0
LF:1
LH:0
BRF:0
BRH:0
end_of_record
TN:
SF:.expo/metro/externals/console/index.js
FNF:0
FNH:0
DA:1,0
LF:1
LH:0
BRF:0
BRH:0
end_of_record
TN:
SF:.expo/metro/externals/constants/index.js
FNF:0
FNH:0
DA:1,0
LF:1
LH:0
BRF:0
BRH:0
end_of_record
TN:
SF:.expo/metro/externals/crypto/index.js
FNF:0
FNH:0
DA:1,0
LF:1
LH:0
BRF:0
BRH:0
end_of_record
TN:
SF:.expo/metro/externals/dgram/index.js
FNF:0
FNH:0
DA:1,0
LF:1
LH:0
BRF:0
BRH:0
end_of_record
TN:
SF:.expo/metro/externals/diagnostics_channel/index.js
FNF:0
FNH:0
DA:1,0
LF:1
LH:0
BRF:0
BRH:0
end_of_record
TN:
SF:.expo/metro/externals/dns/index.js
FNF:0
FNH:0
DA:1,0
LF:1
LH:0
BRF:0
BRH:0
end_of_record
TN:
SF:.expo/metro/externals/domain/index.js
FNF:0
FNH:0
DA:1,0
LF:1
LH:0
BRF:0
BRH:0
end_of_record
TN:
SF:.expo/metro/externals/events/index.js
FNF:0
FNH:0
DA:1,0
LF:1
LH:0
BRF:0
BRH:0
end_of_record
TN:
SF:.expo/metro/externals/fs/index.js
FNF:0
FNH:0
DA:1,0
LF:1
LH:0
BRF:0
BRH:0
end_of_record
TN:
SF:.expo/metro/externals/fs/promises/index.js
FNF:0
FNH:0
DA:1,0
LF:1
LH:0
BRF:0
BRH:0
end_of_record
TN:
SF:.expo/metro/externals/http/index.js
FNF:0
FNH:0
DA:1,0
LF:1
LH:0
BRF:0
BRH:0
end_of_record
TN:
SF:.expo/metro/externals/http2/index.js
FNF:0
FNH:0
DA:1,0
LF:1
LH:0
BRF:0
BRH:0
end_of_record
TN:
SF:.expo/metro/externals/https/index.js
FNF:0
FNH:0
DA:1,0
LF:1
LH:0
BRF:0
BRH:0
end_of_record
TN:
SF:.expo/metro/externals/inspector/index.js
FNF:0
FNH:0
DA:1,0
LF:1
LH:0
BRF:0
BRH:0
end_of_record
TN:
SF:.expo/metro/externals/module/index.js
FNF:0
FNH:0
DA:1,0
LF:1
LH:0
BRF:0
BRH:0
end_of_record
TN:
SF:.expo/metro/externals/net/index.js
FNF:0
FNH:0
DA:1,0
LF:1
LH:0
BRF:0
BRH:0
end_of_record
TN:
SF:.expo/metro/externals/os/index.js
FNF:0
FNH:0
DA:1,0
LF:1
LH:0
BRF:0
BRH:0
end_of_record
TN:
SF:.expo/metro/externals/path/index.js
FNF:0
FNH:0
DA:1,0
LF:1
LH:0
BRF:0
BRH:0
end_of_record
TN:
SF:.expo/metro/externals/perf_hooks/index.js
FNF:0
FNH:0
DA:1,0
LF:1
LH:0
BRF:0
BRH:0
end_of_record
TN:
SF:.expo/metro/externals/process/index.js
FNF:0
FNH:0
DA:1,0
LF:1
LH:0
BRF:0
BRH:0
end_of_record
TN:
SF:.expo/metro/externals/punycode/index.js
FNF:0
FNH:0
DA:1,0
LF:1
LH:0
BRF:0
BRH:0
end_of_record
TN:
SF:.expo/metro/externals/querystring/index.js
FNF:0
FNH:0
DA:1,0
LF:1
LH:0
BRF:0
BRH:0
end_of_record
TN:
SF:.expo/metro/externals/readline/index.js
FNF:0
FNH:0
DA:1,0
LF:1
LH:0
BRF:0
BRH:0
end_of_record
TN:
SF:.expo/metro/externals/repl/index.js
FNF:0
FNH:0
DA:1,0
LF:1
LH:0
BRF:0
BRH:0
end_of_record
TN:
SF:.expo/metro/externals/stream/index.js
FNF:0
FNH:0
DA:1,0
LF:1
LH:0
BRF:0
BRH:0
end_of_record
TN:
SF:.expo/metro/externals/string_decoder/index.js
FNF:0
FNH:0
DA:1,0
LF:1
LH:0
BRF:0
BRH:0
end_of_record
TN:
SF:.expo/metro/externals/timers/index.js
FNF:0
FNH:0
DA:1,0
LF:1
LH:0
BRF:0
BRH:0
end_of_record
TN:
SF:.expo/metro/externals/tls/index.js
FNF:0
FNH:0
DA:1,0
LF:1
LH:0
BRF:0
BRH:0
end_of_record
TN:
SF:.expo/metro/externals/trace_events/index.js
FNF:0
FNH:0
DA:1,0
LF:1
LH:0
BRF:0
BRH:0
end_of_record
TN:
SF:.expo/metro/externals/tty/index.js
FNF:0
FNH:0
DA:1,0
LF:1
LH:0
BRF:0
BRH:0
end_of_record
TN:
SF:.expo/metro/externals/url/index.js
FNF:0
FNH:0
DA:1,0
LF:1
LH:0
BRF:0
BRH:0
end_of_record
TN:
SF:.expo/metro/externals/util/index.js
FNF:0
FNH:0
DA:1,0
LF:1
LH:0
BRF:0
BRH:0
end_of_record
TN:
SF:.expo/metro/externals/v8/index.js
FNF:0
FNH:0
DA:1,0
LF:1
LH:0
BRF:0
BRH:0
end_of_record
TN:
SF:.expo/metro/externals/vm/index.js
FNF:0
FNH:0
DA:1,0
LF:1
LH:0
BRF:0
BRH:0
end_of_record
TN:
SF:.expo/metro/externals/wasi/index.js
FNF:0
FNH:0
DA:1,0
LF:1
LH:0
BRF:0
BRH:0
end_of_record
TN:
SF:.expo/metro/externals/worker_threads/index.js
FNF:0
FNH:0
DA:1,0
LF:1
LH:0
BRF:0
BRH:0
end_of_record
TN:
SF:.expo/metro/externals/zlib/index.js
FNF:0
FNH:0
DA:1,0
LF:1
LH:0
BRF:0
BRH:0
end_of_record
TN:
SF:.expo/metro/shims/react-native-web/dist/cjs/exports/AppRegistry/AppContainer.js
FN:4,AppContainer
FNF:1
FNH:0
FNDA:0,AppContainer
DA:5,0
DA:8,0
DA:9,0
DA:12,0
DA:13,0
LF:5
LH:0
BRDA:8,0,0,0
BRDA:8,0,1,0
BRF:2
BRH:0
end_of_record
TN:
SF:.expo/metro/shims/react-native-web/dist/cjs/exports/BackHandler/index.js
FN:2,emptyFunction
FN:6,(anonymous_1)
FNF:2
FNH:0
FNDA:0,emptyFunction
FNDA:0,(anonymous_1)
DA:3,0
DA:4,0
DA:6,0
DA:9,0
DA:10,0
LF:5
LH:0
BRF:0
BRH:0
end_of_record
TN:
SF:.expo/metro/shims/react-native-web/dist/exports/AppRegistry/AppContainer.js
FN:4,AppContainer
FNF:1
FNH:0
FNDA:0,AppContainer
DA:5,0
DA:8,0
DA:9,0
LF:3
LH:0
BRDA:8,0,0,0
BRDA:8,0,1,0
BRF:2
BRH:0
end_of_record
TN:
SF:.expo/metro/shims/react-native-web/dist/exports/BackHandler/index.js
FN:1,emptyFunction
FN:4,(anonymous_1)
FNF:2
FNH:0
FNDA:0,emptyFunction
FNDA:0,(anonymous_1)
DA:2,0
DA:4,0
LF:2
LH:0
BRF:0
BRH:0
end_of_record
TN:
SF:components/AuthContext.js
FN:7,(anonymous_0)
FN:20,(anonymous_1)
FN:26,(anonymous_2)
FN:27,(anonymous_3)
FNF:4
FNH:0
FNDA:0,(anonymous_0)
FNDA:0,(anonymous_1)
FNDA:0,(anonymous_2)
FNDA:0,(anonymous_3)
DA:5,0
DA:7,0
DA:8,0
DA:10,0
DA:12,0
DA:14,0
DA:16,0
DA:20,0
DA:21,0
DA:26,0
DA:27,0
DA:28,0
DA:29,0
DA:33,0
DA:35,0
LF:15
LH:0
BRDA:8,0,0,0
BRDA:8,0,1,0
BRDA:8,0,2,0
BRDA:8,0,3,0
BRF:4
BRH:0
end_of_record
TN:
SF:components/useAuthContext.js
FN:4,(anonymous_0)
FNF:1
FNH:0
FNDA:0,(anonymous_0)
DA:4,0
DA:5,0
DA:6,0
DA:7,0
DA:9,0
LF:5
LH:0
BRDA:6,0,0,0
BRDA:6,0,1,0
BRF:2
BRH:0
end_of_record
TN:
SF:context/auth-context.js
FNF:0
FNH:0
LF:0
LH:0
BRF:0
BRH:0
end_of_record
TN:
SF:screens/CalendarScreen.js
FN:4,(anonymous_0)
FN:8,(anonymous_1)
FN:9,(anonymous_2)
FN:10,(anonymous_3)
FN:11,(anonymous_4)
FN:14,(anonymous_5)
FNF:6
FNH:0
FNDA:0,(anonymous_0)
FNDA:0,(anonymous_1)
FNDA:0,(anonymous_2)
FNDA:0,(anonymous_3)
FNDA:0,(anonymous_4)
FNDA:0,(anonymous_5)
DA:4,0
DA:5,0
DA:8,0
DA:9,0
DA:10,0
DA:12,0
DA:15,0
DA:22,0
LF:8
LH:0
BRF:0
BRH:0
end_of_record
TN:
SF:screens/ChatList.js
FN:9,(anonymous_0)
FN:19,(anonymous_1)
FN:20,(anonymous_2)
FN:23,(anonymous_3)
FN:34,(anonymous_4)
FN:45,(anonymous_5)
FN:46,(anonymous_6)
FN:69,(anonymous_7)
FNF:8
FNH:0
FNDA:0,(anonymous_0)
FNDA:0,(anonymous_1)
FNDA:0,(anonymous_2)
FNDA:0,(anonymous_3)
FNDA:0,(anonymous_4)
FNDA:0,(anonymous_5)
FNDA:0,(anonymous_6)
FNDA:0,(anonymous_7)
DA:9,0
DA:10,0
DA:11,0
DA:12,0
DA:16,0
DA:19,0
DA:20,0
DA:23,0
DA:25,0
DA:32,0
DA:33,0
DA:34,0
DA:35,0
DA:37,0
DA:40,0
DA:45,0
DA:46,0
DA:64,0
DA:69,0
DA:77,0
LF:20
LH:0
BRF:0
BRH:0
end_of_record
TN:
SF:screens/ChatListScreen.js
FN:9,(anonymous_0)
FN:16,(anonymous_1)
FN:17,(anonymous_2)
FN:20,(anonymous_3)
FN:21,(anonymous_4)
FN:23,(anonymous_5)
FN:27,(anonymous_6)
FN:31,(anonymous_7)
FN:82,(anonymous_8)
FN:83,(anonymous_9)
FN:104,(anonymous_10)
FNF:11
FNH:0
FNDA:0,(anonymous_0)
FNDA:0,(anonymous_1)
FNDA:0,(anonymous_2)
FNDA:0,(anonymous_3)
FNDA:0,(anonymous_4)
FNDA:0,(anonymous_5)
FNDA:0,(anonymous_6)
FNDA:0,(anonymous_7)
FNDA:0,(anonymous_8)
FNDA:0,(anonymous_9)
FNDA:0,(anonymous_10)
DA:9,0
DA:10,0
DA:11,0
DA:12,0
DA:14,0
DA:16,0
DA:17,0
DA:20,0
DA:21,0
DA:22,0
DA:23,0
DA:24,0
DA:26,0
DA:27,0
DA:28,0
DA:31,0
DA:82,0
DA:83,0
DA:99,0
DA:104,0
DA:112,0
LF:21
LH:0
BRF:0
BRH:0
end_of_record
TN:
SF:screens/ChatScreen.js
FN:18,(anonymous_0)
FN:27,(anonymous_1)
FN:33,(anonymous_2)
FN:36,(anonymous_3)
FN:38,(anonymous_4)
FN:45,(anonymous_5)
FN:48,(anonymous_6)
FN:65,(anonymous_7)
FN:66,(anonymous_8)
FN:73,(anonymous_9)
FN:80,(anonymous_10)
FNF:11
FNH:0
FNDA:0,(anonymous_0)
FNDA:0,(anonymous_1)
FNDA:0,(anonymous_2)
FNDA:0,(anonymous_3)
FNDA:0,(anonymous_4)
FNDA:0,(anonymous_5)
FNDA:0,(anonymous_6)
FNDA:0,(anonymous_7)
FNDA:0,(anonymous_8)
FNDA:0,(anonymous_9)
FNDA:0,(anonymous_10)
DA:18,0
DA:19,0
DA:20,0
DA:21,0
DA:22,0
DA:23,0
DA:24,0
DA:25,0
DA:27,0
DA:28,0
DA:29,0
DA:33,0
DA:34,0
DA:36,0
DA:37,0
DA:38,0
DA:39,0
DA:43,0
DA:45,0
DA:48,0
DA:49,0
DA:54,0
DA:55,0
DA:58,0
DA:65,0
DA:66,0
DA:73,0
DA:80,0
DA:99,0
LF:29
LH:0
BRDA:28,0,0,0
BRDA:28,0,1,0
BRDA:69,1,0,0
BRDA:69,1,1,0
BRDA:70,2,0,0
BRDA:70,2,1,0
BRF:6
BRH:0
end_of_record
TN:
SF:screens/ContactListScreen.js
FN:10,(anonymous_0)
FN:58,(anonymous_1)
FN:59,(anonymous_2)
FN:62,(anonymous_3)
FN:63,(anonymous_4)
FN:65,(anonymous_5)
FN:69,(anonymous_6)
FN:73,(anonymous_7)
FN:119,(anonymous_8)
FN:122,(anonymous_9)
FN:149,(anonymous_10)
FN:151,(anonymous_11)
FNF:12
FNH:0
FNDA:0,(anonymous_0)
FNDA:0,(anonymous_1)
FNDA:0,(anonymous_2)
FNDA:0,(anonymous_3)
FNDA:0,(anonymous_4)
FNDA:0,(anonymous_5)
FNDA:0,(anonymous_6)
FNDA:0,(anonymous_7)
FNDA:0,(anonymous_8)
FNDA:0,(anonymous_9)
FNDA:0,(anonymous_10)
FNDA:0,(anonymous_11)
DA:10,0
DA:11,0
DA:12,0
DA:13,0
DA:14,0
DA:15,0
DA:56,0
DA:58,0
DA:59,0
DA:62,0
DA:63,0
DA:64,0
DA:65,0
DA:66,0
DA:68,0
DA:69,0
DA:70,0
DA:73,0
DA:119,0
DA:120,0
DA:123,0
DA:146,0
DA:150,0
DA:151,0
DA:157,0
LF:25
LH:0
BRF:0
BRH:0
end_of_record
TN:
SF:screens/ContactListScreenCopy.js
FN:14,(anonymous_0)
FN:25,(anonymous_1)
FN:28,(anonymous_2)
FN:30,(anonymous_3)
FN:33,(anonymous_4)
FN:51,(anonymous_5)
FN:54,(anonymous_6)
FN:70,(anonymous_7)
FN:81,(anonymous_8)
FN:91,(anonymous_9)
FN:94,(anonymous_10)
FN:96,(anonymous_11)
FN:105,(anonymous_12)
FN:107,(anonymous_13)
FN:118,(anonymous_14)
FN:134,(anonymous_15)
FN:178,(anonymous_16)
FN:181,(anonymous_17)
FN:206,(anonymous_18)
FN:208,(anonymous_19)
FNF:20
FNH:0
FNDA:0,(anonymous_0)
FNDA:0,(anonymous_1)
FNDA:0,(anonymous_2)
FNDA:0,(anonymous_3)
FNDA:0,(anonymous_4)
FNDA:0,(anonymous_5)
FNDA:0,(anonymous_6)
FNDA:0,(anonymous_7)
FNDA:0,(anonymous_8)
FNDA:0,(anonymous_9)
FNDA:0,(anonymous_10)
FNDA:0,(anonymous_11)
FNDA:0,(anonymous_12)
FNDA:0,(anonymous_13)
FNDA:0,(anonymous_14)
FNDA:0,(anonymous_15)
FNDA:0,(anonymous_16)
FNDA:0,(anonymous_17)
FNDA:0,(anonymous_18)
FNDA:0,(anonymous_19)
DA:12,0
DA:14,0
DA:15,0
DA:19,0
DA:20,0
DA:21,0
DA:22,0
DA:23,0
DA:25,0
DA:28,0
DA:29,0
DA:30,0
DA:31,0
DA:33,0
DA:34,0
DA:35,0
DA:37,0
DA:38,0
DA:39,0
DA:42,0
DA:43,0
DA:46,0
DA:51,0
DA:52,0
DA:54,0
DA:58,0
DA:60,0
DA:62,0
DA:63,0
DA:65,0
DA:67,0
DA:69,0
DA:70,0
DA:72,0
DA:75,0
DA:77,0
DA:78,0
DA:80,0
DA:81,0
DA:83,0
DA:91,0
DA:92,0
DA:94,0
DA:95,0
DA:96,0
DA:97,0
DA:102,0
DA:103,0
DA:104,0
DA:105,0
DA:107,0
DA:118,0
DA:119,0
DA:134,0
DA:135,0
DA:136,0
DA:138,0
DA:142,0
DA:178,0
DA:179,0
DA:182,0
DA:203,0
DA:207,0
DA:208,0
DA:214,0
LF:65
LH:0
BRDA:62,0,0,0
BRDA:62,0,1,0
BRF:2
BRH:0
end_of_record
TN:
SF:screens/Gallery.js
FNF:0
FNH:0
LF:0
LH:0
BRF:0
BRH:0
end_of_record
TN:
SF:screens/GalleryScreen.js
FN:14,ImagePickerExample
FN:38,(anonymous_1)
FN:44,(anonymous_2)
FN:45,(anonymous_3)
FN:49,(anonymous_4)
FN:54,(anonymous_5)
FN:62,(anonymous_6)
FN:81,uploadImageAsync
FN:84,(anonymous_8)
FN:86,(anonymous_9)
FN:89,(anonymous_10)
FNF:11
FNH:0
FNDA:0,ImagePickerExample
FNDA:0,(anonymous_1)
FNDA:0,(anonymous_2)
FNDA:0,(anonymous_3)
FNDA:0,(anonymous_4)
FNDA:0,(anonymous_5)
FNDA:0,(anonymous_6)
FNDA:0,uploadImageAsync
FNDA:0,(anonymous_8)
FNDA:0,(anonymous_9)
FNDA:0,(anonymous_10)
DA:9,0
DA:15,0
DA:38,0
DA:40,0
DA:43,0
DA:45,0
DA:49,0
DA:51,0
DA:62,0
DA:64,0
DA:71,0
DA:73,0
DA:74,0
DA:75,0
DA:78,0
DA:84,0
DA:85,0
DA:86,0
DA:87,0
DA:89,0
DA:90,0
DA:91,0
DA:93,0
DA:94,0
DA:95,0
DA:98,0
DA:99,0
DA:102,0
DA:104,0
DA:107,0
DA:115,0
LF:31
LH:0
BRDA:73,0,0,0
BRDA:73,0,1,0
BRDA:110,1,0,0
BRDA:110,1,1,0
BRF:4
BRH:0
end_of_record
TN:
SF:screens/GalleryScreenCopy.js
FN:10,App
FN:14,(anonymous_1)
FN:17,(anonymous_2)
FN:19,(anonymous_3)
FN:22,(anonymous_4)
FN:44,(anonymous_5)
FN:55,(anonymous_6)
FN:72,pickImage
FN:94,(anonymous_8)
FNF:9
FNH:0
FNDA:0,App
FNDA:0,(anonymous_1)
FNDA:0,(anonymous_2)
FNDA:0,(anonymous_3)
FNDA:0,(anonymous_4)
FNDA:0,(anonymous_5)
FNDA:0,(anonymous_6)
FNDA:0,pickImage
FNDA:0,(anonymous_8)
DA:11,0
DA:14,0
DA:17,0
DA:18,0
DA:19,0
DA:20,0
DA:22,0
DA:23,0
DA:24,0
DA:26,0
DA:27,0
DA:28,0
DA:31,0
DA:32,0
DA:35,0
DA:37,0
DA:41,0
DA:44,0
DA:45,0
DA:46,0
DA:47,0
DA:48,0
DA:52,0
DA:55,0
DA:56,0
DA:58,0
DA:65,0
DA:66,0
DA:67,0
DA:82,0
DA:84,0
DA:86,0
DA:89,0
DA:95,0
DA:107,0
LF:35
LH:0
BRDA:45,0,0,0
BRDA:45,0,1,0
BRDA:47,1,0,0
BRDA:47,1,1,0
BRDA:65,2,0,0
BRDA:65,2,1,0
BRF:6
BRH:0
end_of_record
TN:
SF:screens/GroupsScreen.js
FN:3,(anonymous_0)
FNF:1
FNH:0
FNDA:0,(anonymous_0)
DA:3,0
DA:4,0
DA:11,0
LF:3
LH:0
BRF:0
BRH:0
end_of_record
TN:
SF:screens/NewChatScreen.js
FN:19,(anonymous_0)
FN:28,(anonymous_1)
FN:31,(anonymous_2)
FN:32,(anonymous_3)
FN:43,addChatRoom
FN:55,getData
FN:59,(anonymous_6)
FN:71,(anonymous_7)
FNF:8
FNH:0
FNDA:0,(anonymous_0)
FNDA:0,(anonymous_1)
FNDA:0,(anonymous_2)
FNDA:0,(anonymous_3)
FNDA:0,addChatRoom
FNDA:0,getData
FNDA:0,(anonymous_6)
FNDA:0,(anonymous_7)
DA:19,0
DA:20,0
DA:21,0
DA:22,0
DA:23,0
DA:24,0
DA:25,0
DA:26,0
DA:28,0
DA:29,0
DA:31,0
DA:32,0
DA:44,0
DA:51,0
DA:52,0
DA:56,0
DA:58,0
DA:59,0
DA:61,0
DA:71,0
DA:72,0
DA:73,0
DA:76,0
DA:124,0
DA:169,0
LF:25
LH:0
BRF:0
BRH:0
end_of_record
TN:
SF:screens/SettingsScreen.js
FN:10,(anonymous_0)
FN:19,(anonymous_1)
FN:20,(anonymous_2)
FN:41,getUserData
FN:62,(anonymous_4)
FN:64,(anonymous_5)
FN:68,(anonymous_6)
FN:86,(anonymous_7)
FN:92,(anonymous_8)
FN:99,(anonymous_9)
FN:106,(anonymous_10)
FN:109,(anonymous_11)
FNF:12
FNH:0
FNDA:0,(anonymous_0)
FNDA:0,(anonymous_1)
FNDA:0,(anonymous_2)
FNDA:0,getUserData
FNDA:0,(anonymous_4)
FNDA:0,(anonymous_5)
FNDA:0,(anonymous_6)
FNDA:0,(anonymous_7)
FNDA:0,(anonymous_8)
FNDA:0,(anonymous_9)
FNDA:0,(anonymous_10)
FNDA:0,(anonymous_11)
DA:10,0
DA:11,0
DA:12,0
DA:13,0
DA:14,0
DA:15,0
DA:17,0
DA:19,0
DA:20,0
DA:42,0
DA:43,0
DA:44,0
DA:45,0
DA:47,0
DA:48,0
DA:49,0
DA:50,0
DA:51,0
DA:52,0
DA:53,0
DA:55,0
DA:58,0
DA:62,0
DA:63,0
DA:65,0
DA:66,0
DA:67,0
DA:69,0
DA:70,0
DA:71,0
DA:75,0
DA:86,0
DA:92,0
DA:99,0
DA:106,0
DA:110,0
DA:111,0
DA:112,0
DA:113,0
DA:120,0
LF:40
LH:0
BRDA:47,0,0,0
BRDA:47,0,1,0
BRF:2
BRH:0
end_of_record
TN:
SF:screens/SignInScreen.js
FN:7,(anonymous_0)
FN:12,(anonymous_1)
FN:14,(anonymous_2)
FN:20,(anonymous_3)
FN:44,(anonymous_4)
FN:52,(anonymous_5)
FN:56,(anonymous_6)
FNF:7
FNH:0
FNDA:0,(anonymous_0)
FNDA:0,(anonymous_1)
FNDA:0,(anonymous_2)
FNDA:0,(anonymous_3)
FNDA:0,(anonymous_4)
FNDA:0,(anonymous_5)
FNDA:0,(anonymous_6)
DA:7,0
DA:8,0
DA:9,0
DA:10,0
DA:12,0
DA:13,0
DA:15,0
DA:16,0
DA:17,0
DA:18,0
DA:21,0
DA:22,0
DA:38,0
DA:44,0
DA:52,0
DA:56,0
DA:61,0
LF:17
LH:0
BRF:0
BRH:0
end_of_record
TN:
SF:screens/SignUpScreen.js
FN:8,(anonymous_0)
FN:30,(anonymous_1)
FN:47,(anonymous_2)
FN:69,(anonymous_3)
FN:75,(anonymous_4)
FN:82,(anonymous_5)
FN:90,(anonymous_6)
FN:94,(anonymous_7)
FNF:8
FNH:0
FNDA:0,(anonymous_0)
FNDA:0,(anonymous_1)
FNDA:0,(anonymous_2)
FNDA:0,(anonymous_3)
FNDA:0,(anonymous_4)
FNDA:0,(anonymous_5)
FNDA:0,(anonymous_6)
FNDA:0,(anonymous_7)
DA:8,0
DA:9,0
DA:10,0
DA:11,0
DA:12,0
DA:13,0
DA:30,0
DA:31,0
DA:32,0
DA:33,0
DA:34,0
DA:36,0
DA:38,0
DA:39,0
DA:40,0
DA:42,0
DA:43,0
DA:47,0
DA:48,0
DA:57,0
DA:59,0
DA:61,0
DA:64,0
DA:69,0
DA:75,0
DA:82,0
DA:90,0
DA:94,0
DA:99,0
LF:29
LH:0
BRF:0
BRH:0
end_of_record
